<?xml version="1.0" encoding="UTF-8"?>
<!-- Generated by org.testng.reporters.JUnitXMLReporter -->
<testsuite ignored="0" hostname="DESKTOP-47P2MTB" failures="6" tests="57" name="Surefire test" time="74.05" errors="0" timestamp="2024-10-23T17:58:59 IST">
  <testcase classname="api.test.PetTest" name="testAddNewPetPostResponse" time="6.185"/>
  <testcase classname="api.test.PetTest" name="testAddNewPetPostResponse" time="1.399"/>
  <testcase classname="api.test.PetTest" name="testAddNewPetPostResponse" time="1.474"/>
  <testcase classname="api.test.PetTest" name="testUpdateExistingPetPutResponse" time="1.434"/>
  <testcase classname="api.test.PetTest" name="testUpdateExistingPetPutResponse" time="1.401"/>
  <testcase classname="api.test.PetTest" name="testUpdateExistingPetPutResponse" time="1.397"/>
  <testcase classname="api.test.PetTest" name="testFindPetByStatusGetResponse" time="1.446"/>
  <testcase classname="api.test.PetTest" name="testFindPetByPetIDGetResponse" time="2.857"/>
  <testcase classname="api.test.PetTest" name="testFindPetByPetIDGetResponse" time="1.465"/>
  <testcase classname="api.test.PetTest" name="testFindPetByPetIDGetResponse" time="1.381"/>
  <testcase classname="api.test.PetTest" name="testUpdatePetPostResponse" time="2.957"/>
  <testcase classname="api.test.PetTest" name="testUploadPetImagePostResponse" time="18.458">
    <failure type="java.lang.AssertionError" message="null">
      <![CDATA[java.lang.AssertionError: null
at api.test.PetTest.testUploadPetImagePostResponse(PetTest.java:534)
at java.base/java.util.ArrayList.forEach(ArrayList.java:1511)
... Removed 34 stack frames]]>
    </failure>
  </testcase> <!-- testUploadPetImagePostResponse -->
  <testcase classname="api.test.PetTest" name="testDeletePetDeleteResponse" time="2.955"/>
  <testcase classname="api.test.PetTest" name="deleberatlyFailTest" time="0.001">
    <failure type="java.lang.AssertionError" message="null">
      <![CDATA[java.lang.AssertionError: null
at api.test.PetTest.deleberatlyFailTest(PetTest.java:625)
at java.base/java.util.ArrayList.forEach(ArrayList.java:1511)
... Removed 34 stack frames]]>
    </failure>
  </testcase> <!-- deleberatlyFailTest -->
  <testcase classname="api.test.PetTest" name="deleberatlySkippedTest1" time="0.0">
    <skipped/>
  </testcase> <!-- deleberatlySkippedTest1 -->
  <testcase classname="api.test.PetTest" name="deleberatlySkippedTest2" time="0.0">
    <skipped/>
  </testcase> <!-- deleberatlySkippedTest2 -->
  <testcase classname="api.test.StoreTest" name="testPostStoreResponse" time="1.584"/>
  <testcase classname="api.test.StoreTest" name="testGetStoreOrderResponse" time="2.893"/>
  <testcase classname="api.test.StoreTest" name="testGetStoreInventoriesResponse" time="1.647">
    <failure type="java.lang.AssertionError" message="1 expectation failed.
Response body doesn&amp;apos;t match expectation.
Expected: The content to match the given JSON schema.
error: object instance has properties which are not allowed by the schema: [&amp;quot;AVAILABLE&amp;quot;,&amp;quot;Available&amp;quot;,&amp;quot;none&amp;quot;,&amp;quot;pending&amp;quot;,&amp;quot;peric&amp;quot;,&amp;quot;{{PetStatus-Updated}}&amp;quot;]
    level: &amp;quot;error&amp;quot;
    schema: {&amp;quot;loadingURI&amp;quot;:&amp;quot;#&amp;quot;,&amp;quot;pointer&amp;quot;:&amp;quot;/definitions/Welcome8&amp;quot;}
    instance: {&amp;quot;pointer&amp;quot;:&amp;quot;&amp;quot;}
    domain: &amp;quot;validation&amp;quot;
    keyword: &amp;quot;additionalProperties&amp;quot;
    unwanted: [&amp;quot;AVAILABLE&amp;quot;,&amp;quot;Available&amp;quot;,&amp;quot;none&amp;quot;,&amp;quot;pending&amp;quot;,&amp;quot;peric&amp;quot;,&amp;quot;{{PetStatus-Updated}}&amp;quot;]
error: object has missing required properties ([&amp;quot;placed&amp;quot;,&amp;quot;ratvelleg&amp;quot;])
    level: &amp;quot;error&amp;quot;
    schema: {&amp;quot;loadingURI&amp;quot;:&amp;quot;#&amp;quot;,&amp;quot;pointer&amp;quot;:&amp;quot;/definitions/Welcome8&amp;quot;}
    instance: {&amp;quot;pointer&amp;quot;:&amp;quot;&amp;quot;}
    domain: &amp;quot;validation&amp;quot;
    keyword: &amp;quot;required&amp;quot;
    required: [&amp;quot;available&amp;quot;,&amp;quot;placed&amp;quot;,&amp;quot;ratvelleg&amp;quot;,&amp;quot;sold&amp;quot;,&amp;quot;status&amp;quot;,&amp;quot;string&amp;quot;]
    missing: [&amp;quot;placed&amp;quot;,&amp;quot;ratvelleg&amp;quot;]

  Actual: {&amp;quot;AVAILABLE&amp;quot;:2,&amp;quot;sold&amp;quot;:2,&amp;quot;{{PetStatus-Updated}}&amp;quot;:1,&amp;quot;string&amp;quot;:529,&amp;quot;pending&amp;quot;:7,&amp;quot;available&amp;quot;:196,&amp;quot;Available&amp;quot;:1,&amp;quot;none&amp;quot;:1,&amp;quot;peric&amp;quot;:2,&amp;quot;status&amp;quot;:18}
">
      <![CDATA[java.lang.AssertionError: 1 expectation failed.
Response body doesn't match expectation.
Expected: The content to match the given JSON schema.
error: object instance has properties which are not allowed by the schema: ["AVAILABLE","Available","none","pending","peric","{{PetStatus-Updated}}"]
    level: "error"
    schema: {"loadingURI":"#","pointer":"/definitions/Welcome8"}
    instance: {"pointer":""}
    domain: "validation"
    keyword: "additionalProperties"
    unwanted: ["AVAILABLE","Available","none","pending","peric","{{PetStatus-Updated}}"]
error: object has missing required properties (["placed","ratvelleg"])
    level: "error"
    schema: {"loadingURI":"#","pointer":"/definitions/Welcome8"}
    instance: {"pointer":""}
    domain: "validation"
    keyword: "required"
    required: ["available","placed","ratvelleg","sold","status","string"]
    missing: ["placed","ratvelleg"]

  Actual: {"AVAILABLE":2,"sold":2,"{{PetStatus-Updated}}":1,"string":529,"pending":7,"available":196,"Available":1,"none":1,"peric":2,"status":18}

at org.codehaus.groovy.runtime.callsite.ConstructorSite$ConstructorSiteNoUnwrapNoCoerce.callConstructor(ConstructorSite.java:108)
at org.codehaus.groovy.runtime.callsite.CallSiteArray.defaultCallConstructor(CallSiteArray.java:57)
at org.codehaus.groovy.runtime.callsite.AbstractCallSite.callConstructor(AbstractCallSite.java:263)
at org.codehaus.groovy.runtime.callsite.AbstractCallSite.callConstructor(AbstractCallSite.java:277)
at io.restassured.internal.ResponseSpecificationImpl$HamcrestAssertionClosure.validate(ResponseSpecificationImpl.groovy:512)
at io.restassured.internal.ResponseSpecificationImpl$HamcrestAssertionClosure$validate$1.call(Unknown Source)
at io.restassured.internal.ResponseSpecificationImpl.validateResponseIfRequired(ResponseSpecificationImpl.groovy:696)
at io.restassured.internal.ResponseSpecificationImpl.this$2$validateResponseIfRequired(ResponseSpecificationImpl.groovy)
at org.codehaus.groovy.runtime.callsite.PlainObjectMetaMethodSite.doInvoke(PlainObjectMetaMethodSite.java:43)
at org.codehaus.groovy.runtime.callsite.PogoMetaMethodSite$PogoCachedMethodSiteNoUnwrapNoCoerce.invoke(PogoMetaMethodSite.java:198)
at org.codehaus.groovy.runtime.callsite.PogoMetaMethodSite.callCurrent(PogoMetaMethodSite.java:62)
at org.codehaus.groovy.runtime.callsite.AbstractCallSite.callCurrent(AbstractCallSite.java:185)
at io.restassured.internal.ResponseSpecificationImpl.body(ResponseSpecificationImpl.groovy:107)
at io.restassured.internal.ValidatableResponseOptionsImpl.body(ValidatableResponseOptionsImpl.java:238)
at api.test.StoreTest.testGetStoreInventoriesResponse(StoreTest.java:293)
at java.base/java.util.ArrayList.forEach(ArrayList.java:1511)
... Removed 42 stack frames]]>
    </failure>
  </testcase> <!-- testGetStoreInventoriesResponse -->
  <testcase classname="api.test.StoreTest" name="testDeleteStoreOrderResponse" time="2.98"/>
  <testcase classname="api.test.UserTest" name="createUser_shouldReturn200StatusCode" time="1.449"/>
  <testcase classname="api.test.UserTest" name="createUser_shouldRespondWithinExpectedTime" time="0.002"/>
  <testcase classname="api.test.UserTest" name="createUser_shouldReturnCorrectContentTypeHeader" time="0.002"/>
  <testcase classname="api.test.UserTest" name="createUser_shouldReturnValidResponseFieldTypes" time="0.002"/>
  <testcase classname="api.test.UserTest" name="createUser_shouldReturnCorrectFieldValues" time="0.039"/>
  <testcase classname="api.test.UserTest" name="createUser_shouldMatchJsonSchema" time="0.024"/>
  <testcase classname="api.test.UserTest" name="getUser_shouldReturn200StatusCode" time="1.352"/>
  <testcase classname="api.test.UserTest" name="getUser_shouldRespondWithinExpectedTime" time="0.002"/>
  <testcase classname="api.test.UserTest" name="getUser_shouldReturnCorrectContentTypeHeader" time="0.002"/>
  <testcase classname="api.test.UserTest" name="getUser_shouldReturnValidResponseFieldTypes" time="0.003"/>
  <testcase classname="api.test.UserTest" name="getUser_shouldReturnCorrectFieldValues" time="0.513"/>
  <testcase classname="api.test.UserTest" name="updateUser_shouldReturn200StatusCode" time="1.469"/>
  <testcase classname="api.test.UserTest" name="updateUser_shouldRespondWithinExpectedTime" time="0.004"/>
  <testcase classname="api.test.UserTest" name="updateUser_shouldReturnCorrectContentTypeHeader" time="0.002"/>
  <testcase classname="api.test.UserTest" name="updateUser_shouldReturnValidResponseFieldTypes" time="0.002">
    <failure type="org.json.JSONException" message="JSONObject[&amp;quot;id&amp;quot;] not found.">
      <![CDATA[org.json.JSONException: JSONObject["id"] not found.
at org.json.JSONObject.get(JSONObject.java:570)
at api.test.UserTest.updateUser_shouldReturnValidResponseFieldTypes(UserTest.java:619)
at java.base/java.util.ArrayList.forEach(ArrayList.java:1511)
... Removed 32 stack frames]]>
    </failure>
  </testcase> <!-- updateUser_shouldReturnValidResponseFieldTypes -->
  <testcase classname="api.test.UserTest" name="updateUser_shouldReturnCorrectFieldValues" time="0.078">
    <failure type="java.lang.NullPointerException" message="Cannot invoke &amp;quot;java.lang.Integer.intValue()&amp;quot; because the return value of &amp;quot;io.restassured.response.ExtractableResponse.path(String, String[])&amp;quot; is null">
      <![CDATA[java.lang.NullPointerException: Cannot invoke "java.lang.Integer.intValue()" because the return value of "io.restassured.response.ExtractableResponse.path(String, String[])" is null
at api.test.UserTest.updateUser_shouldReturnCorrectFieldValues(UserTest.java:658)
at java.base/java.util.ArrayList.forEach(ArrayList.java:1511)
... Removed 32 stack frames]]>
    </failure>
  </testcase> <!-- updateUser_shouldReturnCorrectFieldValues -->
  <testcase classname="api.test.UserTest" name="updateUser_shouldMatchJsonSchema" time="0.024">
    <failure type="java.lang.AssertionError" message="1 expectation failed.
Response body doesn&amp;apos;t match expectation.
Expected: The content to match the given JSON schema.
error: object instance has properties which are not allowed by the schema: [&amp;quot;code&amp;quot;,&amp;quot;message&amp;quot;,&amp;quot;type&amp;quot;]
    level: &amp;quot;error&amp;quot;
    schema: {&amp;quot;loadingURI&amp;quot;:&amp;quot;#&amp;quot;,&amp;quot;pointer&amp;quot;:&amp;quot;/definitions/Welcome2&amp;quot;}
    instance: {&amp;quot;pointer&amp;quot;:&amp;quot;&amp;quot;}
    domain: &amp;quot;validation&amp;quot;
    keyword: &amp;quot;additionalProperties&amp;quot;
    unwanted: [&amp;quot;code&amp;quot;,&amp;quot;message&amp;quot;,&amp;quot;type&amp;quot;]
error: object has missing required properties ([&amp;quot;email&amp;quot;,&amp;quot;firstName&amp;quot;,&amp;quot;id&amp;quot;,&amp;quot;lastName&amp;quot;,&amp;quot;password&amp;quot;,&amp;quot;phone&amp;quot;,&amp;quot;userStatus&amp;quot;,&amp;quot;username&amp;quot;])
    level: &amp;quot;error&amp;quot;
    schema: {&amp;quot;loadingURI&amp;quot;:&amp;quot;#&amp;quot;,&amp;quot;pointer&amp;quot;:&amp;quot;/definitions/Welcome2&amp;quot;}
    instance: {&amp;quot;pointer&amp;quot;:&amp;quot;&amp;quot;}
    domain: &amp;quot;validation&amp;quot;
    keyword: &amp;quot;required&amp;quot;
    required: [&amp;quot;email&amp;quot;,&amp;quot;firstName&amp;quot;,&amp;quot;id&amp;quot;,&amp;quot;lastName&amp;quot;,&amp;quot;password&amp;quot;,&amp;quot;phone&amp;quot;,&amp;quot;userStatus&amp;quot;,&amp;quot;username&amp;quot;]
    missing: [&amp;quot;email&amp;quot;,&amp;quot;firstName&amp;quot;,&amp;quot;id&amp;quot;,&amp;quot;lastName&amp;quot;,&amp;quot;password&amp;quot;,&amp;quot;phone&amp;quot;,&amp;quot;userStatus&amp;quot;,&amp;quot;username&amp;quot;]

  Actual: {&amp;quot;code&amp;quot;:200,&amp;quot;type&amp;quot;:&amp;quot;unknown&amp;quot;,&amp;quot;message&amp;quot;:&amp;quot;1583772475&amp;quot;}
">
      <![CDATA[java.lang.AssertionError: 1 expectation failed.
Response body doesn't match expectation.
Expected: The content to match the given JSON schema.
error: object instance has properties which are not allowed by the schema: ["code","message","type"]
    level: "error"
    schema: {"loadingURI":"#","pointer":"/definitions/Welcome2"}
    instance: {"pointer":""}
    domain: "validation"
    keyword: "additionalProperties"
    unwanted: ["code","message","type"]
error: object has missing required properties (["email","firstName","id","lastName","password","phone","userStatus","username"])
    level: "error"
    schema: {"loadingURI":"#","pointer":"/definitions/Welcome2"}
    instance: {"pointer":""}
    domain: "validation"
    keyword: "required"
    required: ["email","firstName","id","lastName","password","phone","userStatus","username"]
    missing: ["email","firstName","id","lastName","password","phone","userStatus","username"]

  Actual: {"code":200,"type":"unknown","message":"1583772475"}

at org.codehaus.groovy.runtime.callsite.ConstructorSite$ConstructorSiteNoUnwrapNoCoerce.callConstructor(ConstructorSite.java:108)
at org.codehaus.groovy.runtime.callsite.AbstractCallSite.callConstructor(AbstractCallSite.java:277)
at io.restassured.internal.ResponseSpecificationImpl$HamcrestAssertionClosure.validate(ResponseSpecificationImpl.groovy:512)
at io.restassured.internal.ResponseSpecificationImpl$HamcrestAssertionClosure$validate$1.call(Unknown Source)
at io.restassured.internal.ResponseSpecificationImpl.validateResponseIfRequired(ResponseSpecificationImpl.groovy:696)
at io.restassured.internal.ResponseSpecificationImpl.this$2$validateResponseIfRequired(ResponseSpecificationImpl.groovy)
at org.codehaus.groovy.runtime.callsite.PlainObjectMetaMethodSite.doInvoke(PlainObjectMetaMethodSite.java:43)
at org.codehaus.groovy.runtime.callsite.PogoMetaMethodSite$PogoCachedMethodSiteNoUnwrapNoCoerce.invoke(PogoMetaMethodSite.java:198)
at org.codehaus.groovy.runtime.callsite.PogoMetaMethodSite.callCurrent(PogoMetaMethodSite.java:62)
at org.codehaus.groovy.runtime.callsite.AbstractCallSite.callCurrent(AbstractCallSite.java:185)
at io.restassured.internal.ResponseSpecificationImpl.body(ResponseSpecificationImpl.groovy:107)
at io.restassured.internal.ValidatableResponseOptionsImpl.body(ValidatableResponseOptionsImpl.java:238)
at api.test.UserTest.updateUser_shouldMatchJsonSchema(UserTest.java:697)
at java.base/java.util.ArrayList.forEach(ArrayList.java:1511)
... Removed 42 stack frames]]>
    </failure>
  </testcase> <!-- updateUser_shouldMatchJsonSchema -->
  <testcase classname="api.test.UserTest" name="updateUser_withInvalidUsername_shouldHandleGracefully" time="1.414"/>
  <testcase classname="api.test.UserTest" name="loginUser_shouldReturn200StatusCode" time="1.382"/>
  <testcase classname="api.test.UserTest" name="loginUser_shouldRespondWithinExpectedTime" time="0.002"/>
  <testcase classname="api.test.UserTest" name="loginUser_shouldReturnCorrectContentTypeHeader" time="0.002"/>
  <testcase classname="api.test.UserTest" name="loginUser_shouldReturnValidResponseFieldTypes" time="0.002"/>
  <testcase classname="api.test.UserTest" name="loginUser_shouldReturnCorrectFieldValues" time="0.038"/>
  <testcase classname="api.test.UserTest" name="loginUser_shouldMatchJsonSchema" time="0.021"/>
  <testcase classname="api.test.UserTest" name="logoutUser_shouldReturn200StatusCode" time="1.377"/>
  <testcase classname="api.test.UserTest" name="logoutUser_shouldRespondWithinExpectedTime" time="0.002"/>
  <testcase classname="api.test.UserTest" name="logoutUser_shouldReturnCorrectContentTypeHeader" time="0.002"/>
  <testcase classname="api.test.UserTest" name="logoutUser_shouldReturnValidResponseFieldTypes" time="0.002"/>
  <testcase classname="api.test.UserTest" name="logoutUser_shouldReturnCorrectFieldValues" time="0.036"/>
  <testcase classname="api.test.UserTest" name="logoutUser_shouldMatchJsonSchema" time="0.016"/>
  <testcase classname="api.test.UserTest" name="deleteUser_shouldReturn200StatusCode" time="1.377"/>
  <testcase classname="api.test.UserTest" name="deleteUser_shouldRespondWithinExpectedTime" time="0.003"/>
  <testcase classname="api.test.UserTest" name="deleteUser_shouldReturnValidResponseFieldTypes" time="0.002"/>
  <testcase classname="api.test.UserTest" name="deleteUser_shouldReturnCorrectFieldValues" time="0.039"/>
  <testcase classname="api.test.UserTest" name="deleteUser_shouldMatchJsonSchema" time="0.086"/>
  <testcase classname="api.test.UserTest" name="deletedUser_shouldNotBeFetched_shouldReturn404Error" time="1.361"/>
  <testcase classname="api.test.UserTest" name="createUsersInBulk_shouldReturn200StatusCode" time="1.487"/>
</testsuite> <!-- Surefire test -->
