<?xml version="1.0" encoding="UTF-8"?>
<!-- Generated by org.testng.reporters.JUnitXMLReporter -->
<testsuite ignored="9" hostname="DESKTOP-47P2MTB" failures="0" tests="3" name="Default test" time="15.234" errors="0" timestamp="2024-12-01T14:36:14 IST">
  <testcase classname="api.test.PetTest" name="testAddNewPetPostResponse" time="5.465"/>
  <testcase classname="api.test.PetTest" name="testAddNewPetPostResponse" time="1.621"/>
  <testcase classname="api.test.PetTest" name="testAddNewPetPostResponse" time="1.886"/>
  <testcase classname="api.test.PetTest" name="deleberatlySkippedTest1" time="0.0">
    <ignored/>
  </testcase> <!-- deleberatlySkippedTest1 -->
  <testcase classname="api.test.PetTest" name="testUpdatePetPostResponse" time="0.0">
    <ignored/>
  </testcase> <!-- testUpdatePetPostResponse -->
  <testcase classname="api.test.PetTest" name="testUploadPetImagePostResponse" time="0.0">
    <ignored/>
  </testcase> <!-- testUploadPetImagePostResponse -->
  <testcase classname="api.test.PetTest" name="deleberatlySkippedTest2" time="0.0">
    <ignored/>
  </testcase> <!-- deleberatlySkippedTest2 -->
  <testcase classname="api.test.PetTest" name="testDeletePetDeleteResponse" time="0.0">
    <ignored/>
  </testcase> <!-- testDeletePetDeleteResponse -->
  <testcase classname="api.test.PetTest" name="testUpdateExistingPetPutResponse" time="0.0">
    <ignored/>
  </testcase> <!-- testUpdateExistingPetPutResponse -->
  <testcase classname="api.test.PetTest" name="testFindPetByStatusGetResponse" time="0.0">
    <ignored/>
  </testcase> <!-- testFindPetByStatusGetResponse -->
  <testcase classname="api.test.PetTest" name="testFindPetByPetIDGetResponse" time="0.0">
    <ignored/>
  </testcase> <!-- testFindPetByPetIDGetResponse -->
  <testcase classname="api.test.PetTest" name="deleberatlyFailTest" time="0.0">
    <ignored/>
  </testcase> <!-- deleberatlyFailTest -->
</testsuite> <!-- Default test -->
