<?xml version="1.0" encoding="UTF-8"?>
<!-- Generated by org.testng.reporters.JUnitXMLReporter -->
<testsuite ignored="0" hostname="DESKTOP-47P2MTB" failures="0" tests="27" name="Test" time="50.138" errors="0" timestamp="2024-10-02T21:12:37 IST">
  <testcase classname="api.test.PetTest" name="testAddNewPet" time="4.6"/>
  <testcase classname="api.test.PetTest" name="testAddNewPet" time="1.463"/>
  <testcase classname="api.test.PetTest" name="testAddNewPet" time="1.393"/>
  <testcase classname="api.test.PetTest" name="testUpdateExistingPet" time="1.385"/>
  <testcase classname="api.test.PetTest" name="testUpdateExistingPet" time="1.355"/>
  <testcase classname="api.test.PetTest" name="testUpdateExistingPet" time="1.317"/>
  <testcase classname="api.test.PetTest" name="testFindPetByStatus" time="1.368"/>
  <testcase classname="api.test.PetTest" name="testFindPetByTags" time="1.435"/>
  <testcase classname="api.test.PetTest" name="testFindPet" time="2.656"/>
  <testcase classname="api.test.PetTest" name="testFindPet" time="2.751"/>
  <testcase classname="api.test.PetTest" name="testFindPet" time="2.716"/>
  <testcase classname="api.test.PetTest" name="testUpdatePet" time="1.389"/>
  <testcase classname="api.test.PetTest" name="testUploadPetImage" time="1.45"/>
  <testcase classname="api.test.PetTest" name="testDeletePet" time="1.305"/>
  <testcase classname="api.test.UserTest" name="testPostUser" time="1.349"/>
  <testcase classname="api.test.UserTest" name="testGetUser" time="2.15"/>
  <testcase classname="api.test.UserTest" name="testPutUser" time="1.361"/>
  <testcase classname="api.test.UserTest" name="testDeleteUser" time="1.396"/>
  <testcase classname="api.test.UserTest" name="testLoginUser" time="1.398"/>
  <testcase classname="api.test.UserTest" name="testLogoutUser" time="1.357"/>
  <testcase classname="api.test.UserTest" name="testLoginUserTime" time="1.358"/>
  <testcase classname="api.test.UserTest" name="testLogoutUserTime" time="1.361"/>
  <testcase classname="api.test.UserTest" name="testCreateUsers" time="1.394"/>
  <testcase classname="api.test.StoreTest" name="testPostStore" time="1.391"/>
  <testcase classname="api.test.StoreTest" name="testGetStore" time="1.379"/>
  <testcase classname="api.test.StoreTest" name="testGetStoreInventories" time="1.5"/>
  <testcase classname="api.test.StoreTest" name="testDeleteStore" time="1.396"/>
</testsuite> <!-- Test -->
