<?xml version="1.0" encoding="UTF-8"?>
<testsuite xmlns:xsi="http://www.w3.org/2001/XMLSchema-instance" xsi:noNamespaceSchemaLocation="https://maven.apache.org/surefire/maven-surefire-plugin/xsd/surefire-test-report.xsd" version="3.0.2" name="TestSuite" time="78.689" tests="57" errors="0" skipped="2" failures="6">
  <properties>
[...]
</properties>
  <testcase name="testAddNewPetPostResponse[10, 123, Bird, Sona, www.google.com, www.facebook.com, 10, Red, available](1)" classname="api.test.PetTest" time="6.156">
    <system-out><![CDATA[************************************
************************************


testAddNewPetPostResponse started executing.
]]></system-out>
  </testcase>
  <testcase name="testAddNewPetPostResponse[20, 234, Animal, Lucky, www.google.com, www.facebook.com, 20, Black, pending](2)" classname="api.test.PetTest" time="1.396">
    <system-out><![CDATA[testAddNewPetPostResponse got successfully executed.
************************************
************************************


testAddNewPetPostResponse started executing.
]]></system-out>
  </testcase>
  <testcase name="testAddNewPetPostResponse[30, 345, Fish, Goldy, www.google.com, www.facebook.com, 30, Golden, sold](3)" classname="api.test.PetTest" time="1.469">
    <system-out><![CDATA[testAddNewPetPostResponse got successfully executed.
************************************
************************************


testAddNewPetPostResponse started executing.
]]></system-out>
  </testcase>
  <testcase name="testUpdateExistingPetPutResponse[10, 123, Bird555, Sona, www.google.com, www.facebook.com, 11, Red, available](1)" classname="api.test.PetTest" time="1.419">
    <system-out><![CDATA[testAddNewPetPostResponse got successfully executed.
************************************
************************************


testUpdateExistingPetPutResponse started executing.
]]></system-out>
  </testcase>
  <testcase name="testUpdateExistingPetPutResponse[20, 234, Animal555, Lucky, www.google.com, www.facebook.com, 22, Black, pending](2)" classname="api.test.PetTest" time="1.393">
    <system-out><![CDATA[testUpdateExistingPetPutResponse got successfully executed.
************************************
************************************


testUpdateExistingPetPutResponse started executing.
]]></system-out>
  </testcase>
  <testcase name="testUpdateExistingPetPutResponse[30, 345, Fish555, Goldy, www.google.com, www.facebook.com, 33, Golden, sold](3)" classname="api.test.PetTest" time="1.393">
    <system-out><![CDATA[testUpdateExistingPetPutResponse got successfully executed.
************************************
************************************


testUpdateExistingPetPutResponse started executing.
]]></system-out>
  </testcase>
  <testcase name="testFindPetByStatusGetResponse" classname="api.test.PetTest" time="1.44">
    <system-out><![CDATA[testUpdateExistingPetPutResponse got successfully executed.
************************************
************************************


testFindPetByStatusGetResponse started executing.
]]></system-out>
  </testcase>
  <testcase name="testFindPetByPetIDGetResponse[10, 123, Bird, Sona, www.google.com, www.facebook.com, 10, Red, available](1)" classname="api.test.PetTest" time="2.878">
    <system-out><![CDATA[testFindPetByStatusGetResponse got successfully executed.
************************************
************************************


testFindPetByPetIDGetResponse started executing.
]]></system-out>
  </testcase>
  <testcase name="testFindPetByPetIDGetResponse[20, 234, Animal, Lucky, www.google.com, www.facebook.com, 20, Black, pending](2)" classname="api.test.PetTest" time="1.457">
    <system-out><![CDATA[testFindPetByPetIDGetResponse got successfully executed.
************************************
************************************


testFindPetByPetIDGetResponse started executing.
]]></system-out>
  </testcase>
  <testcase name="testFindPetByPetIDGetResponse[30, 345, Fish, Goldy, www.google.com, www.facebook.com, 30, Golden, sold](3)" classname="api.test.PetTest" time="1.374">
    <system-out><![CDATA[testFindPetByPetIDGetResponse got successfully executed.
************************************
************************************


testFindPetByPetIDGetResponse started executing.
]]></system-out>
  </testcase>
  <testcase name="testUpdatePetPostResponse" classname="api.test.PetTest" time="2.955">
    <system-out><![CDATA[testFindPetByPetIDGetResponse got successfully executed.
************************************
************************************


testUpdatePetPostResponse started executing.
2024-10-23T12:28:12.215910200Z main WARN found 3 argument placeholders, but provided 2 for pattern `Sending POST request to update pet with ID: {} to name: {} and status: {}`
]]></system-out>
  </testcase>
  <testcase name="testUploadPetImagePostResponse" classname="api.test.PetTest" time="18.459">
    <failure message="null" type="java.lang.AssertionError"><![CDATA[java.lang.AssertionError: null
	at org.testng.Assert.fail(Assert.java:111)
	at org.testng.Assert.fail(Assert.java:116)
	at api.test.PetTest.testUploadPetImagePostResponse(PetTest.java:534)
	at java.base/jdk.internal.reflect.NativeMethodAccessorImpl.invoke0(Native Method)
	at java.base/jdk.internal.reflect.NativeMethodAccessorImpl.invoke(NativeMethodAccessorImpl.java:77)
	at java.base/jdk.internal.reflect.DelegatingMethodAccessorImpl.invoke(DelegatingMethodAccessorImpl.java:43)
	at java.base/java.lang.reflect.Method.invoke(Method.java:568)
	at org.testng.internal.invokers.MethodInvocationHelper.invokeMethod(MethodInvocationHelper.java:139)
	at org.testng.internal.invokers.TestInvoker.invokeMethod(TestInvoker.java:664)
	at org.testng.internal.invokers.TestInvoker.invokeTestMethod(TestInvoker.java:227)
	at org.testng.internal.invokers.MethodRunner.runInSequence(MethodRunner.java:50)
	at org.testng.internal.invokers.TestInvoker$MethodInvocationAgent.invoke(TestInvoker.java:957)
	at org.testng.internal.invokers.TestInvoker.invokeTestMethods(TestInvoker.java:200)
	at org.testng.internal.invokers.TestMethodWorker.invokeTestMethods(TestMethodWorker.java:148)
	at org.testng.internal.invokers.TestMethodWorker.run(TestMethodWorker.java:128)
	at java.base/java.util.ArrayList.forEach(ArrayList.java:1511)
	at org.testng.TestRunner.privateRun(TestRunner.java:848)
	at org.testng.TestRunner.run(TestRunner.java:621)
	at org.testng.SuiteRunner.runTest(SuiteRunner.java:443)
	at org.testng.SuiteRunner.runSequentially(SuiteRunner.java:437)
	at org.testng.SuiteRunner.privateRun(SuiteRunner.java:397)
	at org.testng.SuiteRunner.run(SuiteRunner.java:336)
	at org.testng.SuiteRunnerWorker.runSuite(SuiteRunnerWorker.java:52)
	at org.testng.SuiteRunnerWorker.run(SuiteRunnerWorker.java:95)
	at org.testng.TestNG.runSuitesSequentially(TestNG.java:1280)
	at org.testng.TestNG.runSuitesLocally(TestNG.java:1200)
	at org.testng.TestNG.runSuites(TestNG.java:1114)
	at org.testng.TestNG.run(TestNG.java:1082)
	at org.apache.maven.surefire.testng.TestNGExecutor.run(TestNGExecutor.java:155)
	at org.apache.maven.surefire.testng.TestNGDirectoryTestSuite.executeMulti(TestNGDirectoryTestSuite.java:169)
	at org.apache.maven.surefire.testng.TestNGDirectoryTestSuite.execute(TestNGDirectoryTestSuite.java:88)
	at org.apache.maven.surefire.testng.TestNGProvider.invoke(TestNGProvider.java:137)
	at org.apache.maven.surefire.booter.ForkedBooter.runSuitesInProcess(ForkedBooter.java:385)
	at org.apache.maven.surefire.booter.ForkedBooter.execute(ForkedBooter.java:162)
	at org.apache.maven.surefire.booter.ForkedBooter.run(ForkedBooter.java:507)
	at org.apache.maven.surefire.booter.ForkedBooter.main(ForkedBooter.java:495)
]]></failure>
    <system-out><![CDATA[testUpdatePetPostResponse got successfully executed.
************************************
************************************


testUploadPetImagePostResponse started executing.
]]></system-out>
  </testcase>
  <testcase name="testDeletePetDeleteResponse" classname="api.test.PetTest" time="2.951">
    <system-out><![CDATA[testUploadPetImagePostResponse got failed.
************************************
************************************


testDeletePetDeleteResponse started executing.
]]></system-out>
  </testcase>
  <testcase name="deleberatlyFailTest" classname="api.test.PetTest" time="0.0">
    <failure message="null" type="java.lang.AssertionError"><![CDATA[java.lang.AssertionError: null
	at org.testng.Assert.fail(Assert.java:111)
	at org.testng.Assert.fail(Assert.java:116)
	at api.test.PetTest.deleberatlyFailTest(PetTest.java:625)
	at java.base/jdk.internal.reflect.NativeMethodAccessorImpl.invoke0(Native Method)
	at java.base/jdk.internal.reflect.NativeMethodAccessorImpl.invoke(NativeMethodAccessorImpl.java:77)
	at java.base/jdk.internal.reflect.DelegatingMethodAccessorImpl.invoke(DelegatingMethodAccessorImpl.java:43)
	at java.base/java.lang.reflect.Method.invoke(Method.java:568)
	at org.testng.internal.invokers.MethodInvocationHelper.invokeMethod(MethodInvocationHelper.java:139)
	at org.testng.internal.invokers.TestInvoker.invokeMethod(TestInvoker.java:664)
	at org.testng.internal.invokers.TestInvoker.invokeTestMethod(TestInvoker.java:227)
	at org.testng.internal.invokers.MethodRunner.runInSequence(MethodRunner.java:50)
	at org.testng.internal.invokers.TestInvoker$MethodInvocationAgent.invoke(TestInvoker.java:957)
	at org.testng.internal.invokers.TestInvoker.invokeTestMethods(TestInvoker.java:200)
	at org.testng.internal.invokers.TestMethodWorker.invokeTestMethods(TestMethodWorker.java:148)
	at org.testng.internal.invokers.TestMethodWorker.run(TestMethodWorker.java:128)
	at java.base/java.util.ArrayList.forEach(ArrayList.java:1511)
	at org.testng.TestRunner.privateRun(TestRunner.java:848)
	at org.testng.TestRunner.run(TestRunner.java:621)
	at org.testng.SuiteRunner.runTest(SuiteRunner.java:443)
	at org.testng.SuiteRunner.runSequentially(SuiteRunner.java:437)
	at org.testng.SuiteRunner.privateRun(SuiteRunner.java:397)
	at org.testng.SuiteRunner.run(SuiteRunner.java:336)
	at org.testng.SuiteRunnerWorker.runSuite(SuiteRunnerWorker.java:52)
	at org.testng.SuiteRunnerWorker.run(SuiteRunnerWorker.java:95)
	at org.testng.TestNG.runSuitesSequentially(TestNG.java:1280)
	at org.testng.TestNG.runSuitesLocally(TestNG.java:1200)
	at org.testng.TestNG.runSuites(TestNG.java:1114)
	at org.testng.TestNG.run(TestNG.java:1082)
	at org.apache.maven.surefire.testng.TestNGExecutor.run(TestNGExecutor.java:155)
	at org.apache.maven.surefire.testng.TestNGDirectoryTestSuite.executeMulti(TestNGDirectoryTestSuite.java:169)
	at org.apache.maven.surefire.testng.TestNGDirectoryTestSuite.execute(TestNGDirectoryTestSuite.java:88)
	at org.apache.maven.surefire.testng.TestNGProvider.invoke(TestNGProvider.java:137)
	at org.apache.maven.surefire.booter.ForkedBooter.runSuitesInProcess(ForkedBooter.java:385)
	at org.apache.maven.surefire.booter.ForkedBooter.execute(ForkedBooter.java:162)
	at org.apache.maven.surefire.booter.ForkedBooter.run(ForkedBooter.java:507)
	at org.apache.maven.surefire.booter.ForkedBooter.main(ForkedBooter.java:495)
]]></failure>
    <system-out><![CDATA[testDeletePetDeleteResponse got successfully executed.
************************************
************************************


deleberatlyFailTest started executing.
]]></system-out>
  </testcase>
  <testcase name="deleberatlySkippedTest1" classname="api.test.PetTest" time="0.0">
    <skipped message="Method api.test.PetTest.deleberatlySkippedTest1() on instance api.test.PetTest@27eedb64 depends on not successfully finished methods &#10;[api.test.PetTest.deleberatlyFailTest() on instance api.test.PetTest@27eedb64]"/>
    <system-out><![CDATA[deleberatlyFailTest got failed.
************************************
************************************


deleberatlySkippedTest1 started executing.
]]></system-out>
  </testcase>
  <testcase name="deleberatlySkippedTest2" classname="api.test.PetTest" time="0.0">
    <skipped message="Method api.test.PetTest.deleberatlySkippedTest2() on instance api.test.PetTest@27eedb64 depends on not successfully finished methods &#10;[api.test.PetTest.deleberatlyFailTest() on instance api.test.PetTest@27eedb64]"/>
    <system-out><![CDATA[deleberatlySkippedTest1 got skipped.
************************************
************************************


deleberatlySkippedTest2 started executing.
]]></system-out>
  </testcase>
  <testcase name="testPostStoreResponse" classname="api.test.StoreTest" time="1.576">
    <system-out><![CDATA[deleberatlySkippedTest2 got skipped.
************************************
************************************


testPostStoreResponse started executing.
]]></system-out>
  </testcase>
  <testcase name="testGetStoreOrderResponse" classname="api.test.StoreTest" time="2.89">
    <system-out><![CDATA[testPostStoreResponse got successfully executed.
************************************
************************************


testGetStoreOrderResponse started executing.
]]></system-out>
  </testcase>
  <testcase name="testGetStoreInventoriesResponse" classname="api.test.StoreTest" time="1.655">
    <failure message="1 expectation failed.&#10;Response body doesn&apos;t match expectation.&#10;Expected: The content to match the given JSON schema.&#10;error: object instance has properties which are not allowed by the schema: [&quot;AVAILABLE&quot;,&quot;Available&quot;,&quot;none&quot;,&quot;pending&quot;,&quot;peric&quot;,&quot;{{PetStatus-Updated}}&quot;]&#10;    level: &quot;error&quot;&#10;    schema: {&quot;loadingURI&quot;:&quot;#&quot;,&quot;pointer&quot;:&quot;/definitions/Welcome8&quot;}&#10;    instance: {&quot;pointer&quot;:&quot;&quot;}&#10;    domain: &quot;validation&quot;&#10;    keyword: &quot;additionalProperties&quot;&#10;    unwanted: [&quot;AVAILABLE&quot;,&quot;Available&quot;,&quot;none&quot;,&quot;pending&quot;,&quot;peric&quot;,&quot;{{PetStatus-Updated}}&quot;]&#10;error: object has missing required properties ([&quot;placed&quot;,&quot;ratvelleg&quot;])&#10;    level: &quot;error&quot;&#10;    schema: {&quot;loadingURI&quot;:&quot;#&quot;,&quot;pointer&quot;:&quot;/definitions/Welcome8&quot;}&#10;    instance: {&quot;pointer&quot;:&quot;&quot;}&#10;    domain: &quot;validation&quot;&#10;    keyword: &quot;required&quot;&#10;    required: [&quot;available&quot;,&quot;placed&quot;,&quot;ratvelleg&quot;,&quot;sold&quot;,&quot;status&quot;,&quot;string&quot;]&#10;    missing: [&quot;placed&quot;,&quot;ratvelleg&quot;]&#10;&#10;  Actual: {&quot;AVAILABLE&quot;:2,&quot;sold&quot;:2,&quot;{{PetStatus-Updated}}&quot;:1,&quot;string&quot;:529,&quot;pending&quot;:7,&quot;available&quot;:196,&quot;Available&quot;:1,&quot;none&quot;:1,&quot;peric&quot;:2,&quot;status&quot;:18}&#10;" type="java.lang.AssertionError"><![CDATA[java.lang.AssertionError: 
1 expectation failed.
Response body doesn't match expectation.
Expected: The content to match the given JSON schema.
error: object instance has properties which are not allowed by the schema: ["AVAILABLE","Available","none","pending","peric","{{PetStatus-Updated}}"]
    level: "error"
    schema: {"loadingURI":"#","pointer":"/definitions/Welcome8"}
    instance: {"pointer":""}
    domain: "validation"
    keyword: "additionalProperties"
    unwanted: ["AVAILABLE","Available","none","pending","peric","{{PetStatus-Updated}}"]
error: object has missing required properties (["placed","ratvelleg"])
    level: "error"
    schema: {"loadingURI":"#","pointer":"/definitions/Welcome8"}
    instance: {"pointer":""}
    domain: "validation"
    keyword: "required"
    required: ["available","placed","ratvelleg","sold","status","string"]
    missing: ["placed","ratvelleg"]

  Actual: {"AVAILABLE":2,"sold":2,"{{PetStatus-Updated}}":1,"string":529,"pending":7,"available":196,"Available":1,"none":1,"peric":2,"status":18}

	at java.base/jdk.internal.reflect.NativeConstructorAccessorImpl.newInstance0(Native Method)
	at java.base/jdk.internal.reflect.NativeConstructorAccessorImpl.newInstance(NativeConstructorAccessorImpl.java:77)
	at java.base/jdk.internal.reflect.DelegatingConstructorAccessorImpl.newInstance(DelegatingConstructorAccessorImpl.java:45)
	at java.base/java.lang.reflect.Constructor.newInstanceWithCaller(Constructor.java:499)
	at java.base/java.lang.reflect.Constructor.newInstance(Constructor.java:480)
	at org.codehaus.groovy.reflection.CachedConstructor.invoke(CachedConstructor.java:73)
	at org.codehaus.groovy.runtime.callsite.ConstructorSite$ConstructorSiteNoUnwrapNoCoerce.callConstructor(ConstructorSite.java:108)
	at org.codehaus.groovy.runtime.callsite.CallSiteArray.defaultCallConstructor(CallSiteArray.java:57)
	at org.codehaus.groovy.runtime.callsite.AbstractCallSite.callConstructor(AbstractCallSite.java:263)
	at org.codehaus.groovy.runtime.callsite.AbstractCallSite.callConstructor(AbstractCallSite.java:277)
	at io.restassured.internal.ResponseSpecificationImpl$HamcrestAssertionClosure.validate(ResponseSpecificationImpl.groovy:512)
	at io.restassured.internal.ResponseSpecificationImpl$HamcrestAssertionClosure$validate$1.call(Unknown Source)
	at io.restassured.internal.ResponseSpecificationImpl.validateResponseIfRequired(ResponseSpecificationImpl.groovy:696)
	at io.restassured.internal.ResponseSpecificationImpl.this$2$validateResponseIfRequired(ResponseSpecificationImpl.groovy)
	at java.base/jdk.internal.reflect.NativeMethodAccessorImpl.invoke0(Native Method)
	at java.base/jdk.internal.reflect.NativeMethodAccessorImpl.invoke(NativeMethodAccessorImpl.java:77)
	at java.base/jdk.internal.reflect.DelegatingMethodAccessorImpl.invoke(DelegatingMethodAccessorImpl.java:43)
	at java.base/java.lang.reflect.Method.invoke(Method.java:568)
	at org.codehaus.groovy.runtime.callsite.PlainObjectMetaMethodSite.doInvoke(PlainObjectMetaMethodSite.java:43)
	at org.codehaus.groovy.runtime.callsite.PogoMetaMethodSite$PogoCachedMethodSiteNoUnwrapNoCoerce.invoke(PogoMetaMethodSite.java:198)
	at org.codehaus.groovy.runtime.callsite.PogoMetaMethodSite.callCurrent(PogoMetaMethodSite.java:62)
	at org.codehaus.groovy.runtime.callsite.AbstractCallSite.callCurrent(AbstractCallSite.java:185)
	at io.restassured.internal.ResponseSpecificationImpl.body(ResponseSpecificationImpl.groovy:107)
	at io.restassured.internal.ValidatableResponseOptionsImpl.body(ValidatableResponseOptionsImpl.java:238)
	at api.test.StoreTest.testGetStoreInventoriesResponse(StoreTest.java:293)
	at java.base/jdk.internal.reflect.NativeMethodAccessorImpl.invoke0(Native Method)
	at java.base/jdk.internal.reflect.NativeMethodAccessorImpl.invoke(NativeMethodAccessorImpl.java:77)
	at java.base/jdk.internal.reflect.DelegatingMethodAccessorImpl.invoke(DelegatingMethodAccessorImpl.java:43)
	at java.base/java.lang.reflect.Method.invoke(Method.java:568)
	at org.testng.internal.invokers.MethodInvocationHelper.invokeMethod(MethodInvocationHelper.java:139)
	at org.testng.internal.invokers.TestInvoker.invokeMethod(TestInvoker.java:664)
	at org.testng.internal.invokers.TestInvoker.invokeTestMethod(TestInvoker.java:227)
	at org.testng.internal.invokers.MethodRunner.runInSequence(MethodRunner.java:50)
	at org.testng.internal.invokers.TestInvoker$MethodInvocationAgent.invoke(TestInvoker.java:957)
	at org.testng.internal.invokers.TestInvoker.invokeTestMethods(TestInvoker.java:200)
	at org.testng.internal.invokers.TestMethodWorker.invokeTestMethods(TestMethodWorker.java:148)
	at org.testng.internal.invokers.TestMethodWorker.run(TestMethodWorker.java:128)
	at java.base/java.util.ArrayList.forEach(ArrayList.java:1511)
	at org.testng.TestRunner.privateRun(TestRunner.java:848)
	at org.testng.TestRunner.run(TestRunner.java:621)
	at org.testng.SuiteRunner.runTest(SuiteRunner.java:443)
	at org.testng.SuiteRunner.runSequentially(SuiteRunner.java:437)
	at org.testng.SuiteRunner.privateRun(SuiteRunner.java:397)
	at org.testng.SuiteRunner.run(SuiteRunner.java:336)
	at org.testng.SuiteRunnerWorker.runSuite(SuiteRunnerWorker.java:52)
	at org.testng.SuiteRunnerWorker.run(SuiteRunnerWorker.java:95)
	at org.testng.TestNG.runSuitesSequentially(TestNG.java:1280)
	at org.testng.TestNG.runSuitesLocally(TestNG.java:1200)
	at org.testng.TestNG.runSuites(TestNG.java:1114)
	at org.testng.TestNG.run(TestNG.java:1082)
	at org.apache.maven.surefire.testng.TestNGExecutor.run(TestNGExecutor.java:155)
	at org.apache.maven.surefire.testng.TestNGDirectoryTestSuite.executeMulti(TestNGDirectoryTestSuite.java:169)
	at org.apache.maven.surefire.testng.TestNGDirectoryTestSuite.execute(TestNGDirectoryTestSuite.java:88)
	at org.apache.maven.surefire.testng.TestNGProvider.invoke(TestNGProvider.java:137)
	at org.apache.maven.surefire.booter.ForkedBooter.runSuitesInProcess(ForkedBooter.java:385)
	at org.apache.maven.surefire.booter.ForkedBooter.execute(ForkedBooter.java:162)
	at org.apache.maven.surefire.booter.ForkedBooter.run(ForkedBooter.java:507)
	at org.apache.maven.surefire.booter.ForkedBooter.main(ForkedBooter.java:495)
]]></failure>
    <system-out><![CDATA[testGetStoreOrderResponse got successfully executed.
************************************
************************************


testGetStoreInventoriesResponse started executing.
]]></system-out>
  </testcase>
  <testcase name="testDeleteStoreOrderResponse" classname="api.test.StoreTest" time="2.971">
    <system-out><![CDATA[testGetStoreInventoriesResponse got failed.
************************************
************************************


testDeleteStoreOrderResponse started executing.
]]></system-out>
  </testcase>
  <testcase name="createUser_shouldReturn200StatusCode" classname="api.test.UserTest" time="1.445">
    <system-out><![CDATA[testDeleteStoreOrderResponse got successfully executed.
************************************
************************************


createUser_shouldReturn200StatusCode started executing.
HTTP/1.1 200 OK
Date: Wed, 23 Oct 2024 12:28:46 GMT
Content-Type: application/json
Transfer-Encoding: chunked
Connection: keep-alive
Access-Control-Allow-Origin: *
Access-Control-Allow-Methods: GET, POST, DELETE, PUT
Access-Control-Allow-Headers: Content-Type, api_key, Authorization
Server: Jetty(9.2.9.v20150224)

{
    "code": 200,
    "type": "unknown",
    "message": "1583772475"
}
]]></system-out>
  </testcase>
  <testcase name="createUser_shouldRespondWithinExpectedTime" classname="api.test.UserTest" time="0.0">
    <system-out><![CDATA[createUser_shouldReturn200StatusCode got successfully executed.
************************************
************************************


createUser_shouldRespondWithinExpectedTime started executing.
HTTP/1.1 200 OK
Date: Wed, 23 Oct 2024 12:28:46 GMT
Content-Type: application/json
Transfer-Encoding: chunked
Connection: keep-alive
Access-Control-Allow-Origin: *
Access-Control-Allow-Methods: GET, POST, DELETE, PUT
Access-Control-Allow-Headers: Content-Type, api_key, Authorization
Server: Jetty(9.2.9.v20150224)

{
    "code": 200,
    "type": "unknown",
    "message": "1583772475"
}
]]></system-out>
  </testcase>
  <testcase name="createUser_shouldReturnCorrectContentTypeHeader" classname="api.test.UserTest" time="0.0">
    <system-out><![CDATA[createUser_shouldRespondWithinExpectedTime got successfully executed.
************************************
************************************


createUser_shouldReturnCorrectContentTypeHeader started executing.
HTTP/1.1 200 OK
Date: Wed, 23 Oct 2024 12:28:46 GMT
Content-Type: application/json
Transfer-Encoding: chunked
Connection: keep-alive
Access-Control-Allow-Origin: *
Access-Control-Allow-Methods: GET, POST, DELETE, PUT
Access-Control-Allow-Headers: Content-Type, api_key, Authorization
Server: Jetty(9.2.9.v20150224)

{
    "code": 200,
    "type": "unknown",
    "message": "1583772475"
}
]]></system-out>
  </testcase>
  <testcase name="createUser_shouldReturnValidResponseFieldTypes" classname="api.test.UserTest" time="0.0">
    <system-out><![CDATA[createUser_shouldReturnCorrectContentTypeHeader got successfully executed.
************************************
************************************


createUser_shouldReturnValidResponseFieldTypes started executing.
HTTP/1.1 200 OK
Date: Wed, 23 Oct 2024 12:28:46 GMT
Content-Type: application/json
Transfer-Encoding: chunked
Connection: keep-alive
Access-Control-Allow-Origin: *
Access-Control-Allow-Methods: GET, POST, DELETE, PUT
Access-Control-Allow-Headers: Content-Type, api_key, Authorization
Server: Jetty(9.2.9.v20150224)

{
    "code": 200,
    "type": "unknown",
    "message": "1583772475"
}
]]></system-out>
  </testcase>
  <testcase name="createUser_shouldReturnCorrectFieldValues" classname="api.test.UserTest" time="0.022">
    <system-out><![CDATA[createUser_shouldReturnValidResponseFieldTypes got successfully executed.
************************************
************************************


createUser_shouldReturnCorrectFieldValues started executing.
HTTP/1.1 200 OK
Date: Wed, 23 Oct 2024 12:28:46 GMT
Content-Type: application/json
Transfer-Encoding: chunked
Connection: keep-alive
Access-Control-Allow-Origin: *
Access-Control-Allow-Methods: GET, POST, DELETE, PUT
Access-Control-Allow-Headers: Content-Type, api_key, Authorization
Server: Jetty(9.2.9.v20150224)

{
    "code": 200,
    "type": "unknown",
    "message": "1583772475"
}
]]></system-out>
  </testcase>
  <testcase name="createUser_shouldMatchJsonSchema" classname="api.test.UserTest" time="0.023">
    <system-out><![CDATA[createUser_shouldReturnCorrectFieldValues got successfully executed.
************************************
************************************


createUser_shouldMatchJsonSchema started executing.
HTTP/1.1 200 OK
Date: Wed, 23 Oct 2024 12:28:46 GMT
Content-Type: application/json
Transfer-Encoding: chunked
Connection: keep-alive
Access-Control-Allow-Origin: *
Access-Control-Allow-Methods: GET, POST, DELETE, PUT
Access-Control-Allow-Headers: Content-Type, api_key, Authorization
Server: Jetty(9.2.9.v20150224)

{
    "code": 200,
    "type": "unknown",
    "message": "1583772475"
}
]]></system-out>
  </testcase>
  <testcase name="getUser_shouldReturn200StatusCode" classname="api.test.UserTest" time="1.347">
    <system-out><![CDATA[createUser_shouldMatchJsonSchema got successfully executed.
************************************
************************************


getUser_shouldReturn200StatusCode started executing.
]]></system-out>
  </testcase>
  <testcase name="getUser_shouldRespondWithinExpectedTime" classname="api.test.UserTest" time="0.0">
    <system-out><![CDATA[getUser_shouldReturn200StatusCode got successfully executed.
************************************
************************************


getUser_shouldRespondWithinExpectedTime started executing.
HTTP/1.1 200 OK
Date: Wed, 23 Oct 2024 12:28:47 GMT
Content-Type: application/json
Transfer-Encoding: chunked
Connection: keep-alive
Access-Control-Allow-Origin: *
Access-Control-Allow-Methods: GET, POST, DELETE, PUT
Access-Control-Allow-Headers: Content-Type, api_key, Authorization
Server: Jetty(9.2.9.v20150224)

{
    "id": 1583772475,
    "username": "masako.mclaughlin",
    "firstName": "Gary",
    "lastName": "Feest",
    "email": "dan.zieme@example.com",
    "password": "rz341bent",
    "phone": "513.640.1280",
    "userStatus": 0
}
]]></system-out>
  </testcase>
  <testcase name="getUser_shouldReturnCorrectContentTypeHeader" classname="api.test.UserTest" time="0.0">
    <system-out><![CDATA[getUser_shouldRespondWithinExpectedTime got successfully executed.
************************************
************************************


getUser_shouldReturnCorrectContentTypeHeader started executing.
HTTP/1.1 200 OK
Date: Wed, 23 Oct 2024 12:28:47 GMT
Content-Type: application/json
Transfer-Encoding: chunked
Connection: keep-alive
Access-Control-Allow-Origin: *
Access-Control-Allow-Methods: GET, POST, DELETE, PUT
Access-Control-Allow-Headers: Content-Type, api_key, Authorization
Server: Jetty(9.2.9.v20150224)

{
    "id": 1583772475,
    "username": "masako.mclaughlin",
    "firstName": "Gary",
    "lastName": "Feest",
    "email": "dan.zieme@example.com",
    "password": "rz341bent",
    "phone": "513.640.1280",
    "userStatus": 0
}
]]></system-out>
  </testcase>
  <testcase name="getUser_shouldReturnValidResponseFieldTypes" classname="api.test.UserTest" time="0.002">
    <system-out><![CDATA[getUser_shouldReturnCorrectContentTypeHeader got successfully executed.
************************************
************************************


getUser_shouldReturnValidResponseFieldTypes started executing.
HTTP/1.1 200 OK
Date: Wed, 23 Oct 2024 12:28:47 GMT
Content-Type: application/json
Transfer-Encoding: chunked
Connection: keep-alive
Access-Control-Allow-Origin: *
Access-Control-Allow-Methods: GET, POST, DELETE, PUT
Access-Control-Allow-Headers: Content-Type, api_key, Authorization
Server: Jetty(9.2.9.v20150224)

{
    "id": 1583772475,
    "username": "masako.mclaughlin",
    "firstName": "Gary",
    "lastName": "Feest",
    "email": "dan.zieme@example.com",
    "password": "rz341bent",
    "phone": "513.640.1280",
    "userStatus": 0
}
]]></system-out>
  </testcase>
  <testcase name="getUser_shouldReturnCorrectFieldValues" classname="api.test.UserTest" time="0.47">
    <system-out><![CDATA[getUser_shouldReturnValidResponseFieldTypes got successfully executed.
************************************
************************************


getUser_shouldReturnCorrectFieldValues started executing.
HTTP/1.1 200 OK
Date: Wed, 23 Oct 2024 12:28:47 GMT
Content-Type: application/json
Transfer-Encoding: chunked
Connection: keep-alive
Access-Control-Allow-Origin: *
Access-Control-Allow-Methods: GET, POST, DELETE, PUT
Access-Control-Allow-Headers: Content-Type, api_key, Authorization
Server: Jetty(9.2.9.v20150224)

{
    "id": 1583772475,
    "username": "masako.mclaughlin",
    "firstName": "Gary",
    "lastName": "Feest",
    "email": "dan.zieme@example.com",
    "password": "rz341bent",
    "phone": "513.640.1280",
    "userStatus": 0
}
]]></system-out>
  </testcase>
  <testcase name="updateUser_shouldReturn200StatusCode" classname="api.test.UserTest" time="1.433">
    <system-out><![CDATA[getUser_shouldReturnCorrectFieldValues got successfully executed.
************************************
************************************


updateUser_shouldReturn200StatusCode started executing.
HTTP/1.1 200 OK
Date: Wed, 23 Oct 2024 12:28:49 GMT
Content-Type: application/json
Transfer-Encoding: chunked
Connection: keep-alive
Access-Control-Allow-Origin: *
Access-Control-Allow-Methods: GET, POST, DELETE, PUT
Access-Control-Allow-Headers: Content-Type, api_key, Authorization
Server: Jetty(9.2.9.v20150224)

{
    "code": 200,
    "type": "unknown",
    "message": "1583772475"
}
]]></system-out>
  </testcase>
  <testcase name="updateUser_shouldRespondWithinExpectedTime" classname="api.test.UserTest" time="0.0">
    <system-out><![CDATA[updateUser_shouldReturn200StatusCode got successfully executed.
************************************
************************************


updateUser_shouldRespondWithinExpectedTime started executing.
HTTP/1.1 200 OK
Date: Wed, 23 Oct 2024 12:28:49 GMT
Content-Type: application/json
Transfer-Encoding: chunked
Connection: keep-alive
Access-Control-Allow-Origin: *
Access-Control-Allow-Methods: GET, POST, DELETE, PUT
Access-Control-Allow-Headers: Content-Type, api_key, Authorization
Server: Jetty(9.2.9.v20150224)

{
    "code": 200,
    "type": "unknown",
    "message": "1583772475"
}
]]></system-out>
  </testcase>
  <testcase name="updateUser_shouldReturnCorrectContentTypeHeader" classname="api.test.UserTest" time="0.0">
    <system-out><![CDATA[updateUser_shouldRespondWithinExpectedTime got successfully executed.
************************************
************************************


updateUser_shouldReturnCorrectContentTypeHeader started executing.
HTTP/1.1 200 OK
Date: Wed, 23 Oct 2024 12:28:49 GMT
Content-Type: application/json
Transfer-Encoding: chunked
Connection: keep-alive
Access-Control-Allow-Origin: *
Access-Control-Allow-Methods: GET, POST, DELETE, PUT
Access-Control-Allow-Headers: Content-Type, api_key, Authorization
Server: Jetty(9.2.9.v20150224)

{
    "code": 200,
    "type": "unknown",
    "message": "1583772475"
}
]]></system-out>
  </testcase>
  <testcase name="updateUser_shouldReturnValidResponseFieldTypes" classname="api.test.UserTest" time="0.0">
    <failure message="JSONObject[&quot;id&quot;] not found." type="org.json.JSONException"><![CDATA[org.json.JSONException: JSONObject["id"] not found.
	at org.json.JSONObject.get(JSONObject.java:570)
	at api.test.UserTest.updateUser_shouldReturnValidResponseFieldTypes(UserTest.java:619)
	at java.base/jdk.internal.reflect.NativeMethodAccessorImpl.invoke0(Native Method)
	at java.base/jdk.internal.reflect.NativeMethodAccessorImpl.invoke(NativeMethodAccessorImpl.java:77)
	at java.base/jdk.internal.reflect.DelegatingMethodAccessorImpl.invoke(DelegatingMethodAccessorImpl.java:43)
	at java.base/java.lang.reflect.Method.invoke(Method.java:568)
	at org.testng.internal.invokers.MethodInvocationHelper.invokeMethod(MethodInvocationHelper.java:139)
	at org.testng.internal.invokers.TestInvoker.invokeMethod(TestInvoker.java:664)
	at org.testng.internal.invokers.TestInvoker.invokeTestMethod(TestInvoker.java:227)
	at org.testng.internal.invokers.MethodRunner.runInSequence(MethodRunner.java:50)
	at org.testng.internal.invokers.TestInvoker$MethodInvocationAgent.invoke(TestInvoker.java:957)
	at org.testng.internal.invokers.TestInvoker.invokeTestMethods(TestInvoker.java:200)
	at org.testng.internal.invokers.TestMethodWorker.invokeTestMethods(TestMethodWorker.java:148)
	at org.testng.internal.invokers.TestMethodWorker.run(TestMethodWorker.java:128)
	at java.base/java.util.ArrayList.forEach(ArrayList.java:1511)
	at org.testng.TestRunner.privateRun(TestRunner.java:848)
	at org.testng.TestRunner.run(TestRunner.java:621)
	at org.testng.SuiteRunner.runTest(SuiteRunner.java:443)
	at org.testng.SuiteRunner.runSequentially(SuiteRunner.java:437)
	at org.testng.SuiteRunner.privateRun(SuiteRunner.java:397)
	at org.testng.SuiteRunner.run(SuiteRunner.java:336)
	at org.testng.SuiteRunnerWorker.runSuite(SuiteRunnerWorker.java:52)
	at org.testng.SuiteRunnerWorker.run(SuiteRunnerWorker.java:95)
	at org.testng.TestNG.runSuitesSequentially(TestNG.java:1280)
	at org.testng.TestNG.runSuitesLocally(TestNG.java:1200)
	at org.testng.TestNG.runSuites(TestNG.java:1114)
	at org.testng.TestNG.run(TestNG.java:1082)
	at org.apache.maven.surefire.testng.TestNGExecutor.run(TestNGExecutor.java:155)
	at org.apache.maven.surefire.testng.TestNGDirectoryTestSuite.executeMulti(TestNGDirectoryTestSuite.java:169)
	at org.apache.maven.surefire.testng.TestNGDirectoryTestSuite.execute(TestNGDirectoryTestSuite.java:88)
	at org.apache.maven.surefire.testng.TestNGProvider.invoke(TestNGProvider.java:137)
	at org.apache.maven.surefire.booter.ForkedBooter.runSuitesInProcess(ForkedBooter.java:385)
	at org.apache.maven.surefire.booter.ForkedBooter.execute(ForkedBooter.java:162)
	at org.apache.maven.surefire.booter.ForkedBooter.run(ForkedBooter.java:507)
	at org.apache.maven.surefire.booter.ForkedBooter.main(ForkedBooter.java:495)
]]></failure>
    <system-out><![CDATA[updateUser_shouldReturnCorrectContentTypeHeader got successfully executed.
************************************
************************************


updateUser_shouldReturnValidResponseFieldTypes started executing.
]]></system-out>
  </testcase>
  <testcase name="updateUser_shouldReturnCorrectFieldValues" classname="api.test.UserTest" time="0.073">
    <failure message="Cannot invoke &quot;java.lang.Integer.intValue()&quot; because the return value of &quot;io.restassured.response.ExtractableResponse.path(String, String[])&quot; is null" type="java.lang.NullPointerException"><![CDATA[java.lang.NullPointerException: Cannot invoke "java.lang.Integer.intValue()" because the return value of "io.restassured.response.ExtractableResponse.path(String, String[])" is null
	at api.test.UserTest.updateUser_shouldReturnCorrectFieldValues(UserTest.java:658)
	at java.base/jdk.internal.reflect.NativeMethodAccessorImpl.invoke0(Native Method)
	at java.base/jdk.internal.reflect.NativeMethodAccessorImpl.invoke(NativeMethodAccessorImpl.java:77)
	at java.base/jdk.internal.reflect.DelegatingMethodAccessorImpl.invoke(DelegatingMethodAccessorImpl.java:43)
	at java.base/java.lang.reflect.Method.invoke(Method.java:568)
	at org.testng.internal.invokers.MethodInvocationHelper.invokeMethod(MethodInvocationHelper.java:139)
	at org.testng.internal.invokers.TestInvoker.invokeMethod(TestInvoker.java:664)
	at org.testng.internal.invokers.TestInvoker.invokeTestMethod(TestInvoker.java:227)
	at org.testng.internal.invokers.MethodRunner.runInSequence(MethodRunner.java:50)
	at org.testng.internal.invokers.TestInvoker$MethodInvocationAgent.invoke(TestInvoker.java:957)
	at org.testng.internal.invokers.TestInvoker.invokeTestMethods(TestInvoker.java:200)
	at org.testng.internal.invokers.TestMethodWorker.invokeTestMethods(TestMethodWorker.java:148)
	at org.testng.internal.invokers.TestMethodWorker.run(TestMethodWorker.java:128)
	at java.base/java.util.ArrayList.forEach(ArrayList.java:1511)
	at org.testng.TestRunner.privateRun(TestRunner.java:848)
	at org.testng.TestRunner.run(TestRunner.java:621)
	at org.testng.SuiteRunner.runTest(SuiteRunner.java:443)
	at org.testng.SuiteRunner.runSequentially(SuiteRunner.java:437)
	at org.testng.SuiteRunner.privateRun(SuiteRunner.java:397)
	at org.testng.SuiteRunner.run(SuiteRunner.java:336)
	at org.testng.SuiteRunnerWorker.runSuite(SuiteRunnerWorker.java:52)
	at org.testng.SuiteRunnerWorker.run(SuiteRunnerWorker.java:95)
	at org.testng.TestNG.runSuitesSequentially(TestNG.java:1280)
	at org.testng.TestNG.runSuitesLocally(TestNG.java:1200)
	at org.testng.TestNG.runSuites(TestNG.java:1114)
	at org.testng.TestNG.run(TestNG.java:1082)
	at org.apache.maven.surefire.testng.TestNGExecutor.run(TestNGExecutor.java:155)
	at org.apache.maven.surefire.testng.TestNGDirectoryTestSuite.executeMulti(TestNGDirectoryTestSuite.java:169)
	at org.apache.maven.surefire.testng.TestNGDirectoryTestSuite.execute(TestNGDirectoryTestSuite.java:88)
	at org.apache.maven.surefire.testng.TestNGProvider.invoke(TestNGProvider.java:137)
	at org.apache.maven.surefire.booter.ForkedBooter.runSuitesInProcess(ForkedBooter.java:385)
	at org.apache.maven.surefire.booter.ForkedBooter.execute(ForkedBooter.java:162)
	at org.apache.maven.surefire.booter.ForkedBooter.run(ForkedBooter.java:507)
	at org.apache.maven.surefire.booter.ForkedBooter.main(ForkedBooter.java:495)
]]></failure>
    <system-out><![CDATA[updateUser_shouldReturnValidResponseFieldTypes got failed.
************************************
************************************


updateUser_shouldReturnCorrectFieldValues started executing.
]]></system-out>
  </testcase>
  <testcase name="updateUser_shouldMatchJsonSchema" classname="api.test.UserTest" time="0.023">
    <failure message="1 expectation failed.&#10;Response body doesn&apos;t match expectation.&#10;Expected: The content to match the given JSON schema.&#10;error: object instance has properties which are not allowed by the schema: [&quot;code&quot;,&quot;message&quot;,&quot;type&quot;]&#10;    level: &quot;error&quot;&#10;    schema: {&quot;loadingURI&quot;:&quot;#&quot;,&quot;pointer&quot;:&quot;/definitions/Welcome2&quot;}&#10;    instance: {&quot;pointer&quot;:&quot;&quot;}&#10;    domain: &quot;validation&quot;&#10;    keyword: &quot;additionalProperties&quot;&#10;    unwanted: [&quot;code&quot;,&quot;message&quot;,&quot;type&quot;]&#10;error: object has missing required properties ([&quot;email&quot;,&quot;firstName&quot;,&quot;id&quot;,&quot;lastName&quot;,&quot;password&quot;,&quot;phone&quot;,&quot;userStatus&quot;,&quot;username&quot;])&#10;    level: &quot;error&quot;&#10;    schema: {&quot;loadingURI&quot;:&quot;#&quot;,&quot;pointer&quot;:&quot;/definitions/Welcome2&quot;}&#10;    instance: {&quot;pointer&quot;:&quot;&quot;}&#10;    domain: &quot;validation&quot;&#10;    keyword: &quot;required&quot;&#10;    required: [&quot;email&quot;,&quot;firstName&quot;,&quot;id&quot;,&quot;lastName&quot;,&quot;password&quot;,&quot;phone&quot;,&quot;userStatus&quot;,&quot;username&quot;]&#10;    missing: [&quot;email&quot;,&quot;firstName&quot;,&quot;id&quot;,&quot;lastName&quot;,&quot;password&quot;,&quot;phone&quot;,&quot;userStatus&quot;,&quot;username&quot;]&#10;&#10;  Actual: {&quot;code&quot;:200,&quot;type&quot;:&quot;unknown&quot;,&quot;message&quot;:&quot;1583772475&quot;}&#10;" type="java.lang.AssertionError"><![CDATA[java.lang.AssertionError: 
1 expectation failed.
Response body doesn't match expectation.
Expected: The content to match the given JSON schema.
error: object instance has properties which are not allowed by the schema: ["code","message","type"]
    level: "error"
    schema: {"loadingURI":"#","pointer":"/definitions/Welcome2"}
    instance: {"pointer":""}
    domain: "validation"
    keyword: "additionalProperties"
    unwanted: ["code","message","type"]
error: object has missing required properties (["email","firstName","id","lastName","password","phone","userStatus","username"])
    level: "error"
    schema: {"loadingURI":"#","pointer":"/definitions/Welcome2"}
    instance: {"pointer":""}
    domain: "validation"
    keyword: "required"
    required: ["email","firstName","id","lastName","password","phone","userStatus","username"]
    missing: ["email","firstName","id","lastName","password","phone","userStatus","username"]

  Actual: {"code":200,"type":"unknown","message":"1583772475"}

	at java.base/jdk.internal.reflect.NativeConstructorAccessorImpl.newInstance0(Native Method)
	at java.base/jdk.internal.reflect.NativeConstructorAccessorImpl.newInstance(NativeConstructorAccessorImpl.java:77)
	at java.base/jdk.internal.reflect.DelegatingConstructorAccessorImpl.newInstance(DelegatingConstructorAccessorImpl.java:45)
	at java.base/java.lang.reflect.Constructor.newInstanceWithCaller(Constructor.java:499)
	at java.base/java.lang.reflect.Constructor.newInstance(Constructor.java:480)
	at org.codehaus.groovy.reflection.CachedConstructor.invoke(CachedConstructor.java:73)
	at org.codehaus.groovy.runtime.callsite.ConstructorSite$ConstructorSiteNoUnwrapNoCoerce.callConstructor(ConstructorSite.java:108)
	at org.codehaus.groovy.runtime.callsite.AbstractCallSite.callConstructor(AbstractCallSite.java:277)
	at io.restassured.internal.ResponseSpecificationImpl$HamcrestAssertionClosure.validate(ResponseSpecificationImpl.groovy:512)
	at io.restassured.internal.ResponseSpecificationImpl$HamcrestAssertionClosure$validate$1.call(Unknown Source)
	at io.restassured.internal.ResponseSpecificationImpl.validateResponseIfRequired(ResponseSpecificationImpl.groovy:696)
	at io.restassured.internal.ResponseSpecificationImpl.this$2$validateResponseIfRequired(ResponseSpecificationImpl.groovy)
	at java.base/jdk.internal.reflect.NativeMethodAccessorImpl.invoke0(Native Method)
	at java.base/jdk.internal.reflect.NativeMethodAccessorImpl.invoke(NativeMethodAccessorImpl.java:77)
	at java.base/jdk.internal.reflect.DelegatingMethodAccessorImpl.invoke(DelegatingMethodAccessorImpl.java:43)
	at java.base/java.lang.reflect.Method.invoke(Method.java:568)
	at org.codehaus.groovy.runtime.callsite.PlainObjectMetaMethodSite.doInvoke(PlainObjectMetaMethodSite.java:43)
	at org.codehaus.groovy.runtime.callsite.PogoMetaMethodSite$PogoCachedMethodSiteNoUnwrapNoCoerce.invoke(PogoMetaMethodSite.java:198)
	at org.codehaus.groovy.runtime.callsite.PogoMetaMethodSite.callCurrent(PogoMetaMethodSite.java:62)
	at org.codehaus.groovy.runtime.callsite.AbstractCallSite.callCurrent(AbstractCallSite.java:185)
	at io.restassured.internal.ResponseSpecificationImpl.body(ResponseSpecificationImpl.groovy:107)
	at io.restassured.internal.ValidatableResponseOptionsImpl.body(ValidatableResponseOptionsImpl.java:238)
	at api.test.UserTest.updateUser_shouldMatchJsonSchema(UserTest.java:697)
	at java.base/jdk.internal.reflect.NativeMethodAccessorImpl.invoke0(Native Method)
	at java.base/jdk.internal.reflect.NativeMethodAccessorImpl.invoke(NativeMethodAccessorImpl.java:77)
	at java.base/jdk.internal.reflect.DelegatingMethodAccessorImpl.invoke(DelegatingMethodAccessorImpl.java:43)
	at java.base/java.lang.reflect.Method.invoke(Method.java:568)
	at org.testng.internal.invokers.MethodInvocationHelper.invokeMethod(MethodInvocationHelper.java:139)
	at org.testng.internal.invokers.TestInvoker.invokeMethod(TestInvoker.java:664)
	at org.testng.internal.invokers.TestInvoker.invokeTestMethod(TestInvoker.java:227)
	at org.testng.internal.invokers.MethodRunner.runInSequence(MethodRunner.java:50)
	at org.testng.internal.invokers.TestInvoker$MethodInvocationAgent.invoke(TestInvoker.java:957)
	at org.testng.internal.invokers.TestInvoker.invokeTestMethods(TestInvoker.java:200)
	at org.testng.internal.invokers.TestMethodWorker.invokeTestMethods(TestMethodWorker.java:148)
	at org.testng.internal.invokers.TestMethodWorker.run(TestMethodWorker.java:128)
	at java.base/java.util.ArrayList.forEach(ArrayList.java:1511)
	at org.testng.TestRunner.privateRun(TestRunner.java:848)
	at org.testng.TestRunner.run(TestRunner.java:621)
	at org.testng.SuiteRunner.runTest(SuiteRunner.java:443)
	at org.testng.SuiteRunner.runSequentially(SuiteRunner.java:437)
	at org.testng.SuiteRunner.privateRun(SuiteRunner.java:397)
	at org.testng.SuiteRunner.run(SuiteRunner.java:336)
	at org.testng.SuiteRunnerWorker.runSuite(SuiteRunnerWorker.java:52)
	at org.testng.SuiteRunnerWorker.run(SuiteRunnerWorker.java:95)
	at org.testng.TestNG.runSuitesSequentially(TestNG.java:1280)
	at org.testng.TestNG.runSuitesLocally(TestNG.java:1200)
	at org.testng.TestNG.runSuites(TestNG.java:1114)
	at org.testng.TestNG.run(TestNG.java:1082)
	at org.apache.maven.surefire.testng.TestNGExecutor.run(TestNGExecutor.java:155)
	at org.apache.maven.surefire.testng.TestNGDirectoryTestSuite.executeMulti(TestNGDirectoryTestSuite.java:169)
	at org.apache.maven.surefire.testng.TestNGDirectoryTestSuite.execute(TestNGDirectoryTestSuite.java:88)
	at org.apache.maven.surefire.testng.TestNGProvider.invoke(TestNGProvider.java:137)
	at org.apache.maven.surefire.booter.ForkedBooter.runSuitesInProcess(ForkedBooter.java:385)
	at org.apache.maven.surefire.booter.ForkedBooter.execute(ForkedBooter.java:162)
	at org.apache.maven.surefire.booter.ForkedBooter.run(ForkedBooter.java:507)
	at org.apache.maven.surefire.booter.ForkedBooter.main(ForkedBooter.java:495)
]]></failure>
    <system-out><![CDATA[updateUser_shouldReturnCorrectFieldValues got failed.
************************************
************************************


updateUser_shouldMatchJsonSchema started executing.
HTTP/1.1 200 OK
Date: Wed, 23 Oct 2024 12:28:49 GMT
Content-Type: application/json
Transfer-Encoding: chunked
Connection: keep-alive
Access-Control-Allow-Origin: *
Access-Control-Allow-Methods: GET, POST, DELETE, PUT
Access-Control-Allow-Headers: Content-Type, api_key, Authorization
Server: Jetty(9.2.9.v20150224)

{
    "code": 200,
    "type": "unknown",
    "message": "1583772475"
}
]]></system-out>
  </testcase>
  <testcase name="updateUser_withInvalidUsername_shouldHandleGracefully" classname="api.test.UserTest" time="1.407">
    <system-out><![CDATA[updateUser_shouldMatchJsonSchema got failed.
************************************
************************************


updateUser_withInvalidUsername_shouldHandleGracefully started executing.
HTTP/1.1 200 OK
Date: Wed, 23 Oct 2024 12:28:51 GMT
Content-Type: application/json
Transfer-Encoding: chunked
Connection: keep-alive
Access-Control-Allow-Origin: *
Access-Control-Allow-Methods: GET, POST, DELETE, PUT
Access-Control-Allow-Headers: Content-Type, api_key, Authorization
Server: Jetty(9.2.9.v20150224)

{
    "code": 200,
    "type": "unknown",
    "message": "1583772475"
}
]]></system-out>
  </testcase>
  <testcase name="loginUser_shouldReturn200StatusCode" classname="api.test.UserTest" time="1.38">
    <system-out><![CDATA[updateUser_withInvalidUsername_shouldHandleGracefully got successfully executed.
************************************
************************************


loginUser_shouldReturn200StatusCode started executing.
HTTP/1.1 200 OK
{
    "code": 200,
    "type": "unknown",
    "message": "logged in user session:1729686532756"
}
]]></system-out>
  </testcase>
  <testcase name="loginUser_shouldRespondWithinExpectedTime" classname="api.test.UserTest" time="0.001">
    <system-out><![CDATA[loginUser_shouldReturn200StatusCode got successfully executed.
************************************
************************************


loginUser_shouldRespondWithinExpectedTime started executing.
HTTP/1.1 200 OK
Date: Wed, 23 Oct 2024 12:28:52 GMT
Content-Type: application/json
Transfer-Encoding: chunked
Connection: close
Access-Control-Allow-Origin: *
Access-Control-Allow-Methods: GET, POST, DELETE, PUT
Access-Control-Allow-Headers: Content-Type, api_key, Authorization
X-Expires-After: Wed Oct 23 13:28:52 UTC 2024
X-Rate-Limit: 5000
Server: Jetty(9.2.9.v20150224)

{
    "code": 200,
    "type": "unknown",
    "message": "logged in user session:1729686532756"
}
]]></system-out>
  </testcase>
  <testcase name="loginUser_shouldReturnCorrectContentTypeHeader" classname="api.test.UserTest" time="0.0">
    <system-out><![CDATA[loginUser_shouldRespondWithinExpectedTime got successfully executed.
************************************
************************************


loginUser_shouldReturnCorrectContentTypeHeader started executing.
HTTP/1.1 200 OK
Date: Wed, 23 Oct 2024 12:28:52 GMT
Content-Type: application/json
Transfer-Encoding: chunked
Connection: close
Access-Control-Allow-Origin: *
Access-Control-Allow-Methods: GET, POST, DELETE, PUT
Access-Control-Allow-Headers: Content-Type, api_key, Authorization
X-Expires-After: Wed Oct 23 13:28:52 UTC 2024
X-Rate-Limit: 5000
Server: Jetty(9.2.9.v20150224)

{
    "code": 200,
    "type": "unknown",
    "message": "logged in user session:1729686532756"
}
]]></system-out>
  </testcase>
  <testcase name="loginUser_shouldReturnValidResponseFieldTypes" classname="api.test.UserTest" time="0.001">
    <system-out><![CDATA[loginUser_shouldReturnCorrectContentTypeHeader got successfully executed.
************************************
************************************


loginUser_shouldReturnValidResponseFieldTypes started executing.
HTTP/1.1 200 OK
Date: Wed, 23 Oct 2024 12:28:52 GMT
Content-Type: application/json
Transfer-Encoding: chunked
Connection: close
Access-Control-Allow-Origin: *
Access-Control-Allow-Methods: GET, POST, DELETE, PUT
Access-Control-Allow-Headers: Content-Type, api_key, Authorization
X-Expires-After: Wed Oct 23 13:28:52 UTC 2024
X-Rate-Limit: 5000
Server: Jetty(9.2.9.v20150224)

{
    "code": 200,
    "type": "unknown",
    "message": "logged in user session:1729686532756"
}
]]></system-out>
  </testcase>
  <testcase name="loginUser_shouldReturnCorrectFieldValues" classname="api.test.UserTest" time="0.023">
    <system-out><![CDATA[loginUser_shouldReturnValidResponseFieldTypes got successfully executed.
************************************
************************************


loginUser_shouldReturnCorrectFieldValues started executing.
HTTP/1.1 200 OK
Date: Wed, 23 Oct 2024 12:28:52 GMT
Content-Type: application/json
Transfer-Encoding: chunked
Connection: close
Access-Control-Allow-Origin: *
Access-Control-Allow-Methods: GET, POST, DELETE, PUT
Access-Control-Allow-Headers: Content-Type, api_key, Authorization
X-Expires-After: Wed Oct 23 13:28:52 UTC 2024
X-Rate-Limit: 5000
Server: Jetty(9.2.9.v20150224)

{
    "code": 200,
    "type": "unknown",
    "message": "logged in user session:1729686532756"
}
]]></system-out>
  </testcase>
  <testcase name="loginUser_shouldMatchJsonSchema" classname="api.test.UserTest" time="0.011">
    <system-out><![CDATA[loginUser_shouldReturnCorrectFieldValues got successfully executed.
************************************
************************************


loginUser_shouldMatchJsonSchema started executing.
HTTP/1.1 200 OK
Date: Wed, 23 Oct 2024 12:28:52 GMT
Content-Type: application/json
Transfer-Encoding: chunked
Connection: close
Access-Control-Allow-Origin: *
Access-Control-Allow-Methods: GET, POST, DELETE, PUT
Access-Control-Allow-Headers: Content-Type, api_key, Authorization
X-Expires-After: Wed Oct 23 13:28:52 UTC 2024
X-Rate-Limit: 5000
Server: Jetty(9.2.9.v20150224)

{
    "code": 200,
    "type": "unknown",
    "message": "logged in user session:1729686532756"
}
]]></system-out>
  </testcase>
  <testcase name="logoutUser_shouldReturn200StatusCode" classname="api.test.UserTest" time="1.373">
    <system-out><![CDATA[loginUser_shouldMatchJsonSchema got successfully executed.
************************************
************************************


logoutUser_shouldReturn200StatusCode started executing.
HTTP/1.1 200 OK
Date: Wed, 23 Oct 2024 12:28:54 GMT
Content-Type: application/json
Transfer-Encoding: chunked
Connection: keep-alive
Access-Control-Allow-Origin: *
Access-Control-Allow-Methods: GET, POST, DELETE, PUT
Access-Control-Allow-Headers: Content-Type, api_key, Authorization
Server: Jetty(9.2.9.v20150224)

{
    "code": 200,
    "type": "unknown",
    "message": "ok"
}
]]></system-out>
  </testcase>
  <testcase name="logoutUser_shouldRespondWithinExpectedTime" classname="api.test.UserTest" time="0.0">
    <system-out><![CDATA[logoutUser_shouldReturn200StatusCode got successfully executed.
************************************
************************************


logoutUser_shouldRespondWithinExpectedTime started executing.
HTTP/1.1 200 OK
Date: Wed, 23 Oct 2024 12:28:54 GMT
Content-Type: application/json
Transfer-Encoding: chunked
Connection: keep-alive
Access-Control-Allow-Origin: *
Access-Control-Allow-Methods: GET, POST, DELETE, PUT
Access-Control-Allow-Headers: Content-Type, api_key, Authorization
Server: Jetty(9.2.9.v20150224)

{
    "code": 200,
    "type": "unknown",
    "message": "ok"
}
]]></system-out>
  </testcase>
  <testcase name="logoutUser_shouldReturnCorrectContentTypeHeader" classname="api.test.UserTest" time="0.0">
    <system-out><![CDATA[logoutUser_shouldRespondWithinExpectedTime got successfully executed.
************************************
************************************


logoutUser_shouldReturnCorrectContentTypeHeader started executing.
HTTP/1.1 200 OK
Date: Wed, 23 Oct 2024 12:28:54 GMT
Content-Type: application/json
Transfer-Encoding: chunked
Connection: keep-alive
Access-Control-Allow-Origin: *
Access-Control-Allow-Methods: GET, POST, DELETE, PUT
Access-Control-Allow-Headers: Content-Type, api_key, Authorization
Server: Jetty(9.2.9.v20150224)

{
    "code": 200,
    "type": "unknown",
    "message": "ok"
}
]]></system-out>
  </testcase>
  <testcase name="logoutUser_shouldReturnValidResponseFieldTypes" classname="api.test.UserTest" time="0.0">
    <system-out><![CDATA[logoutUser_shouldReturnCorrectContentTypeHeader got successfully executed.
************************************
************************************


logoutUser_shouldReturnValidResponseFieldTypes started executing.
HTTP/1.1 200 OK
Date: Wed, 23 Oct 2024 12:28:54 GMT
Content-Type: application/json
Transfer-Encoding: chunked
Connection: keep-alive
Access-Control-Allow-Origin: *
Access-Control-Allow-Methods: GET, POST, DELETE, PUT
Access-Control-Allow-Headers: Content-Type, api_key, Authorization
Server: Jetty(9.2.9.v20150224)

{
    "code": 200,
    "type": "unknown",
    "message": "ok"
}
]]></system-out>
  </testcase>
  <testcase name="logoutUser_shouldReturnCorrectFieldValues" classname="api.test.UserTest" time="0.015">
    <system-out><![CDATA[logoutUser_shouldReturnValidResponseFieldTypes got successfully executed.
************************************
************************************


logoutUser_shouldReturnCorrectFieldValues started executing.
HTTP/1.1 200 OK
Date: Wed, 23 Oct 2024 12:28:54 GMT
Content-Type: application/json
Transfer-Encoding: chunked
Connection: keep-alive
Access-Control-Allow-Origin: *
Access-Control-Allow-Methods: GET, POST, DELETE, PUT
Access-Control-Allow-Headers: Content-Type, api_key, Authorization
Server: Jetty(9.2.9.v20150224)

{
    "code": 200,
    "type": "unknown",
    "message": "ok"
}
]]></system-out>
  </testcase>
  <testcase name="logoutUser_shouldMatchJsonSchema" classname="api.test.UserTest" time="0.014">
    <system-out><![CDATA[logoutUser_shouldReturnCorrectFieldValues got successfully executed.
************************************
************************************


logoutUser_shouldMatchJsonSchema started executing.
HTTP/1.1 200 OK
Date: Wed, 23 Oct 2024 12:28:54 GMT
Content-Type: application/json
Transfer-Encoding: chunked
Connection: keep-alive
Access-Control-Allow-Origin: *
Access-Control-Allow-Methods: GET, POST, DELETE, PUT
Access-Control-Allow-Headers: Content-Type, api_key, Authorization
Server: Jetty(9.2.9.v20150224)

{
    "code": 200,
    "type": "unknown",
    "message": "ok"
}
]]></system-out>
  </testcase>
  <testcase name="deleteUser_shouldReturn200StatusCode" classname="api.test.UserTest" time="1.365">
    <system-out><![CDATA[logoutUser_shouldMatchJsonSchema got successfully executed.
************************************
************************************


deleteUser_shouldReturn200StatusCode started executing.
HTTP/1.1 200 OK
Date: Wed, 23 Oct 2024 12:28:55 GMT
Content-Type: application/json
Transfer-Encoding: chunked
Connection: keep-alive
Access-Control-Allow-Origin: *
Access-Control-Allow-Methods: GET, POST, DELETE, PUT
Access-Control-Allow-Headers: Content-Type, api_key, Authorization
Server: Jetty(9.2.9.v20150224)

{
    "code": 200,
    "type": "unknown",
    "message": "masako.mclaughlin"
}
]]></system-out>
  </testcase>
  <testcase name="deleteUser_shouldRespondWithinExpectedTime" classname="api.test.UserTest" time="0.0">
    <system-out><![CDATA[deleteUser_shouldReturn200StatusCode got successfully executed.
************************************
************************************


deleteUser_shouldRespondWithinExpectedTime started executing.
HTTP/1.1 200 OK
Date: Wed, 23 Oct 2024 12:28:55 GMT
Content-Type: application/json
Transfer-Encoding: chunked
Connection: keep-alive
Access-Control-Allow-Origin: *
Access-Control-Allow-Methods: GET, POST, DELETE, PUT
Access-Control-Allow-Headers: Content-Type, api_key, Authorization
Server: Jetty(9.2.9.v20150224)

{
    "code": 200,
    "type": "unknown",
    "message": "masako.mclaughlin"
}
]]></system-out>
  </testcase>
  <testcase name="deleteUser_shouldReturnValidResponseFieldTypes" classname="api.test.UserTest" time="0.0">
    <system-out><![CDATA[deleteUser_shouldRespondWithinExpectedTime got successfully executed.
************************************
************************************


deleteUser_shouldReturnValidResponseFieldTypes started executing.
HTTP/1.1 200 OK
Date: Wed, 23 Oct 2024 12:28:46 GMT
Content-Type: application/json
Transfer-Encoding: chunked
Connection: keep-alive
Access-Control-Allow-Origin: *
Access-Control-Allow-Methods: GET, POST, DELETE, PUT
Access-Control-Allow-Headers: Content-Type, api_key, Authorization
Server: Jetty(9.2.9.v20150224)

{
    "code": 200,
    "type": "unknown",
    "message": "1583772475"
}
]]></system-out>
  </testcase>
  <testcase name="deleteUser_shouldReturnCorrectFieldValues" classname="api.test.UserTest" time="0.03">
    <system-out><![CDATA[deleteUser_shouldReturnValidResponseFieldTypes got successfully executed.
************************************
************************************


deleteUser_shouldReturnCorrectFieldValues started executing.
HTTP/1.1 200 OK
Date: Wed, 23 Oct 2024 12:28:46 GMT
Content-Type: application/json
Transfer-Encoding: chunked
Connection: keep-alive
Access-Control-Allow-Origin: *
Access-Control-Allow-Methods: GET, POST, DELETE, PUT
Access-Control-Allow-Headers: Content-Type, api_key, Authorization
Server: Jetty(9.2.9.v20150224)

{
    "code": 200,
    "type": "unknown",
    "message": "1583772475"
}
]]></system-out>
  </testcase>
  <testcase name="deleteUser_shouldMatchJsonSchema" classname="api.test.UserTest" time="0.084">
    <system-out><![CDATA[deleteUser_shouldReturnCorrectFieldValues got successfully executed.
************************************
************************************


deleteUser_shouldMatchJsonSchema started executing.
HTTP/1.1 200 OK
Date: Wed, 23 Oct 2024 12:28:46 GMT
Content-Type: application/json
Transfer-Encoding: chunked
Connection: keep-alive
Access-Control-Allow-Origin: *
Access-Control-Allow-Methods: GET, POST, DELETE, PUT
Access-Control-Allow-Headers: Content-Type, api_key, Authorization
Server: Jetty(9.2.9.v20150224)

{
    "code": 200,
    "type": "unknown",
    "message": "1583772475"
}
]]></system-out>
  </testcase>
  <testcase name="deletedUser_shouldNotBeFetched_shouldReturn404Error" classname="api.test.UserTest" time="1.359">
    <system-out><![CDATA[deleteUser_shouldMatchJsonSchema got successfully executed.
************************************
************************************


deletedUser_shouldNotBeFetched_shouldReturn404Error started executing.
HTTP/1.1 404 Not Found
Date: Wed, 23 Oct 2024 12:28:57 GMT
Content-Type: application/json
Transfer-Encoding: chunked
Connection: keep-alive
Access-Control-Allow-Origin: *
Access-Control-Allow-Methods: GET, POST, DELETE, PUT
Access-Control-Allow-Headers: Content-Type, api_key, Authorization
Server: Jetty(9.2.9.v20150224)

{
    "code": 1,
    "type": "error",
    "message": "User not found"
}
]]></system-out>
  </testcase>
  <testcase name="createUsersInBulk_shouldReturn200StatusCode" classname="api.test.UserTest" time="1.481">
    <system-out><![CDATA[deletedUser_shouldNotBeFetched_shouldReturn404Error got successfully executed.
************************************
************************************


createUsersInBulk_shouldReturn200StatusCode started executing.
HTTP/1.1 200 OK
Date: Wed, 23 Oct 2024 12:28:58 GMT
Content-Type: application/json
Transfer-Encoding: chunked
Connection: keep-alive
Access-Control-Allow-Origin: *
Access-Control-Allow-Methods: GET, POST, DELETE, PUT
Access-Control-Allow-Headers: Content-Type, api_key, Authorization
Server: Jetty(9.2.9.v20150224)

{
    "code": 200,
    "type": "unknown",
    "message": "ok"
}
]]></system-out>
  </testcase>
</testsuite>