<?xml version="1.0" encoding="UTF-8"?>
<testsuite xmlns:xsi="http://www.w3.org/2001/XMLSchema-instance" xsi:noNamespaceSchemaLocation="https://maven.apache.org/surefire/maven-surefire-plugin/xsd/surefire-test-report.xsd" version="3.0.2" name="TestSuite" time="58.636" tests="29" errors="0" skipped="2" failures="6">
  <properties>
[...]
</properties>
  <testcase name="testAddNewPetPostResponse[10, 123, Bird, Sona, www.google.com, www.facebook.com, 10, Red, available](1)" classname="api.test.PetTest" time="3.953">
    <system-out><![CDATA[RequestResponseFilter instantiated...
************************************
************************************


testAddNewPetPostResponse started executing.
======================================================================================
======================================================================================
cURL Command: 
curl -X POST 'https://petstore.swagger.io/v2/pet' -H 'Accept: application/json, application/javascript, text/javascript, text/json' -H 'Content-Type: application/json' --data '{"id":"10","category":{"id":"123","name":"Bird"},"name":"Sona","photoUrls":["www.google.com","www.facebook.com"],"tags":[{"id":"10","name":"Red"}],"status":"available"}'
******************************************************************
Response Status line: 
HTTP/1.1 200 OK
Response Body: 
{
    "id": 10,
    "category": {
        "id": 123,
        "name": "Bird"
    },
    "name": "Sona",
    "photoUrls": [
        "www.google.com",
        "www.facebook.com"
    ],
    "tags": [
        {
            "id": 10,
            "name": "Red"
        }
    ],
    "status": "available"
}
Response Headers: 
Date=Fri, 06 Dec 2024 05:11:56 GMT
Content-Type=application/json
Transfer-Encoding=chunked
Connection=keep-alive
Access-Control-Allow-Origin=*
Access-Control-Allow-Methods=GET, POST, DELETE, PUT
Access-Control-Allow-Headers=Content-Type, api_key, Authorization
Server=Jetty(9.2.9.v20150224)
======================================================================================
======================================================================================
Handling Response: 
api.payload.Pet@754de353
5
]]></system-out>
    <system-err><![CDATA[SLF4J: No SLF4J providers were found.
SLF4J: Defaulting to no-operation (NOP) logger implementation
SLF4J: See http://www.slf4j.org/codes.html#noProviders for further details.
SLF4J: Class path contains SLF4J bindings targeting slf4j-api versions prior to 1.8.
SLF4J: Ignoring binding found at [jar:file:/C:/Users/Admin/.m2/repository/org/apache/logging/log4j/log4j-slf4j-impl/2.24.1/log4j-slf4j-impl-2.24.1.jar!/org/slf4j/impl/StaticLoggerBinder.class]
SLF4J: See http://www.slf4j.org/codes.html#ignoredBindings for an explanation.
]]></system-err>
  </testcase>
  <testcase name="testAddNewPetPostResponse[20, 234, Animal, Lucky, www.google.com, www.facebook.com, 20, Black, pending](2)" classname="api.test.PetTest" time="1.315">
    <system-out><![CDATA[testAddNewPetPostResponse got successfully executed.
RequestResponseFilter instantiated...
************************************
************************************


testAddNewPetPostResponse started executing.
======================================================================================
======================================================================================
cURL Command: 
curl -X POST 'https://petstore.swagger.io/v2/pet' -H 'Accept: application/json, application/javascript, text/javascript, text/json' -H 'Content-Type: application/json' --data '{"id":"20","category":{"id":"234","name":"Animal"},"name":"Lucky","photoUrls":["www.google.com","www.facebook.com"],"tags":[{"id":"20","name":"Black"}],"status":"pending"}'
******************************************************************
Response Status line: 
HTTP/1.1 200 OK
Response Body: 
{
    "id": 20,
    "category": {
        "id": 234,
        "name": "Animal"
    },
    "name": "Lucky",
    "photoUrls": [
        "www.google.com",
        "www.facebook.com"
    ],
    "tags": [
        {
            "id": 20,
            "name": "Black"
        }
    ],
    "status": "pending"
}
Response Headers: 
Date=Fri, 06 Dec 2024 05:11:58 GMT
Content-Type=application/json
Transfer-Encoding=chunked
Connection=keep-alive
Access-Control-Allow-Origin=*
Access-Control-Allow-Methods=GET, POST, DELETE, PUT
Access-Control-Allow-Headers=Content-Type, api_key, Authorization
Server=Jetty(9.2.9.v20150224)
======================================================================================
======================================================================================
Handling Response: 
api.payload.Pet@45fb2354
5
]]></system-out>
  </testcase>
  <testcase name="testAddNewPetPostResponse[30, 345, Fish, Goldy, www.google.com, www.facebook.com, 30, Golden, sold](3)" classname="api.test.PetTest" time="1.736">
    <system-out><![CDATA[testAddNewPetPostResponse got successfully executed.
RequestResponseFilter instantiated...
************************************
************************************


testAddNewPetPostResponse started executing.
======================================================================================
======================================================================================
cURL Command: 
curl -X POST 'https://petstore.swagger.io/v2/pet' -H 'Accept: application/json, application/javascript, text/javascript, text/json' -H 'Content-Type: application/json' --data '{"id":"30","category":{"id":"345","name":"Fish"},"name":"Goldy","photoUrls":["www.google.com","www.facebook.com"],"tags":[{"id":"30","name":"Golden"}],"status":"sold"}'
******************************************************************
Response Status line: 
HTTP/1.1 200 OK
Response Body: 
{
    "id": 30,
    "category": {
        "id": 345,
        "name": "Fish"
    },
    "name": "Goldy",
    "photoUrls": [
        "www.google.com",
        "www.facebook.com"
    ],
    "tags": [
        {
            "id": 30,
            "name": "Golden"
        }
    ],
    "status": "sold"
}
Response Headers: 
Date=Fri, 06 Dec 2024 05:12:00 GMT
Content-Type=application/json
Transfer-Encoding=chunked
Connection=keep-alive
Access-Control-Allow-Origin=*
Access-Control-Allow-Methods=GET, POST, DELETE, PUT
Access-Control-Allow-Headers=Content-Type, api_key, Authorization
Server=Jetty(9.2.9.v20150224)
======================================================================================
======================================================================================
Handling Response: 
api.payload.Pet@1c58d7be
5
]]></system-out>
  </testcase>
  <testcase name="testUpdateExistingPetPutResponse[10, 123, Bird555, Sona, www.google.com, www.facebook.com, 11, Red, available](1)" classname="api.test.PetTest" time="1.282">
    <system-out><![CDATA[testAddNewPetPostResponse got successfully executed.
RequestResponseFilter instantiated...
************************************
************************************


testUpdateExistingPetPutResponse started executing.
======================================================================================
======================================================================================
cURL Command: 
curl -X PUT 'https://petstore.swagger.io/v2/pet' -H 'Accept: application/json, application/javascript, text/javascript, text/json' -H 'Content-Type: application/json' --data '{"id":"10","category":{"id":"123","name":"Bird555"},"name":"Sona","photoUrls":["www.google.com","www.facebook.com"],"tags":[{"id":"11","name":"Red"}],"status":"available"}'
******************************************************************
Response Status line: 
HTTP/1.1 200 OK
Response Body: 
{
    "id": 10,
    "category": {
        "id": 123,
        "name": "Bird555"
    },
    "name": "Sona",
    "photoUrls": [
        "www.google.com",
        "www.facebook.com"
    ],
    "tags": [
        {
            "id": 11,
            "name": "Red"
        }
    ],
    "status": "available"
}
Response Headers: 
Date=Fri, 06 Dec 2024 05:12:02 GMT
Content-Type=application/json
Transfer-Encoding=chunked
Connection=keep-alive
Access-Control-Allow-Origin=*
Access-Control-Allow-Methods=GET, POST, DELETE, PUT
Access-Control-Allow-Headers=Content-Type, api_key, Authorization
Server=Jetty(9.2.9.v20150224)
======================================================================================
======================================================================================
Handling Response: 
api.payload.Pet@31880efa
]]></system-out>
  </testcase>
  <testcase name="testUpdateExistingPetPutResponse[20, 234, Animal555, Lucky, www.google.com, www.facebook.com, 22, Black, pending](2)" classname="api.test.PetTest" time="1.382">
    <system-out><![CDATA[testUpdateExistingPetPutResponse got successfully executed.
RequestResponseFilter instantiated...
************************************
************************************


testUpdateExistingPetPutResponse started executing.
======================================================================================
======================================================================================
cURL Command: 
curl -X PUT 'https://petstore.swagger.io/v2/pet' -H 'Accept: application/json, application/javascript, text/javascript, text/json' -H 'Content-Type: application/json' --data '{"id":"20","category":{"id":"234","name":"Animal555"},"name":"Lucky","photoUrls":["www.google.com","www.facebook.com"],"tags":[{"id":"22","name":"Black"}],"status":"pending"}'
******************************************************************
Response Status line: 
HTTP/1.1 200 OK
Response Body: 
{
    "id": 20,
    "category": {
        "id": 234,
        "name": "Animal555"
    },
    "name": "Lucky",
    "photoUrls": [
        "www.google.com",
        "www.facebook.com"
    ],
    "tags": [
        {
            "id": 22,
            "name": "Black"
        }
    ],
    "status": "pending"
}
Response Headers: 
Date=Fri, 06 Dec 2024 05:12:03 GMT
Content-Type=application/json
Transfer-Encoding=chunked
Connection=keep-alive
Access-Control-Allow-Origin=*
Access-Control-Allow-Methods=GET, POST, DELETE, PUT
Access-Control-Allow-Headers=Content-Type, api_key, Authorization
Server=Jetty(9.2.9.v20150224)
======================================================================================
======================================================================================
Handling Response: 
api.payload.Pet@8ef1d58
]]></system-out>
  </testcase>
  <testcase name="testUpdateExistingPetPutResponse[30, 345, Fish555, Goldy, www.google.com, www.facebook.com, 33, Golden, sold](3)" classname="api.test.PetTest" time="1.623">
    <system-out><![CDATA[testUpdateExistingPetPutResponse got successfully executed.
RequestResponseFilter instantiated...
************************************
************************************


testUpdateExistingPetPutResponse started executing.
======================================================================================
======================================================================================
cURL Command: 
curl -X PUT 'https://petstore.swagger.io/v2/pet' -H 'Accept: application/json, application/javascript, text/javascript, text/json' -H 'Content-Type: application/json' --data '{"id":"30","category":{"id":"345","name":"Fish555"},"name":"Goldy","photoUrls":["www.google.com","www.facebook.com"],"tags":[{"id":"33","name":"Golden"}],"status":"sold"}'
******************************************************************
Response Status line: 
HTTP/1.1 200 OK
Response Body: 
{
    "id": 30,
    "category": {
        "id": 345,
        "name": "Fish555"
    },
    "name": "Goldy",
    "photoUrls": [
        "www.google.com",
        "www.facebook.com"
    ],
    "tags": [
        {
            "id": 33,
            "name": "Golden"
        }
    ],
    "status": "sold"
}
Response Headers: 
Date=Fri, 06 Dec 2024 05:12:05 GMT
Content-Type=application/json
Transfer-Encoding=chunked
Connection=keep-alive
Access-Control-Allow-Origin=*
Access-Control-Allow-Methods=GET, POST, DELETE, PUT
Access-Control-Allow-Headers=Content-Type, api_key, Authorization
Server=Jetty(9.2.9.v20150224)
======================================================================================
======================================================================================
Handling Response: 
api.payload.Pet@fb5d334
]]></system-out>
  </testcase>
  <testcase name="testFindPetByStatusGetResponse" classname="api.test.PetTest" time="1.353">
    <system-out><![CDATA[testUpdateExistingPetPutResponse got successfully executed.
RequestResponseFilter instantiated...
************************************
************************************


testFindPetByStatusGetResponse started executing.
======================================================================================
======================================================================================
cURL Command: 
curl -X GET 'https://petstore.swagger.io/v2/pet/findByStatus?status=pending' -H 'Accept: application/json' -H 'Content-Type: application/json'
******************************************************************
Response Status line: 
HTTP/1.1 200 OK
Response Body: 
[
    {
        "id": 9223372016900013477,
        "category": {
            "id": 86059836,
            "name": "adipisicing in reprehen"
        },
        "name": "doggie",
        "photoUrls": [
            "",
            "elit velit"
        ],
        "tags": [
            {
                "id": -66663367,
                "name": "commodo velit"
            },
            {
                "id": 95735457,
                "name": "deserunt ex incididunt"
            }
        ],
        "status": "pending"
    },
    {
        "id": 9223372016900013478,
        "category": {
            "id": -29575580,
            "name": "aliqua Excepteur magna"
        },
        "name": "doggie",
        "photoUrls": [
            "commodo minim nisi",
            "tempor magna"
        ],
        "tags": [
            {
                "id": -52248637,
                "name": "exercitation irure sunt laborum"
            },
            {
                "id": -59740185,
                "name": "labore dolore"
            }
        ],
        "status": "pending"
    },
    {
        "id": 111,
        "category": {
            "id": 2,
            "name": "dogs"
        },
        "name": "Sharik",
        "photoUrls": [
            "stepik.org"
        ],
        "tags": [
            {
                "id": 1,
                "name": "cute"
            }
        ],
        "status": "pending"
    },
    {
        "id": 9223372016900013922,
        "category": {
            "id": 82212339,
            "name": "sed nulla minim"
        },
        "name": "doggie",
        "photoUrls": [
            "veniam officia",
            "amet Ut Excepteur irure"
        ],
        "tags": [
            {
                "id": -64599653,
                "name": "nisi qui"
            },
            {
                "id": -20636986,
                "name": "et est"
            }
        ],
        "status": "pending"
    },
    {
        "id": 9223372016900013962,
        "category": {
            "id": 82641878,
            "name": "dolor dolore nisi Duis"
        },
        "name": "doggie",
        "photoUrls": [
            "officia in in enim",
            "eu sed"
        ],
        "tags": [
            {
                "id": 83694122,
                "name": "esse sit in aute anim"
            },
            {
                "id": -91142734,
                "name": "sit deserunt mollit ea"
            }
        ],
        "status": "pending"
    },
    {
        "id": 20,
        "category": {
            "id": 234,
            "name": "Animal555"
        },
        "name": "Lucky",
        "photoUrls": [
            "www.google.com",
            "www.facebook.com"
        ],
        "tags": [
            {
                "id": 22,
                "name": "Black"
            }
        ],
        "status": "pending"
    }
]
Response Headers: 
Date=Fri, 06 Dec 2024 05:12:06 GMT
Content-Type=application/json
Transfer-Encoding=chunked
Connection=keep-alive
Access-Control-Allow-Origin=*
Access-Control-Allow-Methods=GET, POST, DELETE, PUT
Access-Control-Allow-Headers=Content-Type, api_key, Authorization
Server=Jetty(9.2.9.v20150224)
======================================================================================
======================================================================================
]]></system-out>
  </testcase>
  <testcase name="testFindPetByPetIDGetResponse[10, 123, Bird, Sona, www.google.com, www.facebook.com, 10, Red, available](1)" classname="api.test.PetTest" time="2.76">
    <system-out><![CDATA[testFindPetByStatusGetResponse got successfully executed.
RequestResponseFilter instantiated...
************************************
************************************


testFindPetByPetIDGetResponse started executing.
======================================================================================
======================================================================================
cURL Command: 
curl -X GET 'https://petstore.swagger.io/v2/pet/10' -H 'Accept: application/json' -H 'Content-Type: application/json'
******************************************************************
Response Status line: 
HTTP/1.1 200 OK
Response Body: 
{
    "id": 10,
    "category": {
        "id": 123,
        "name": "Bird555"
    },
    "name": "Sona",
    "photoUrls": [
        "www.google.com",
        "www.facebook.com"
    ],
    "tags": [
        {
            "id": 11,
            "name": "Red"
        }
    ],
    "status": "available"
}
Response Headers: 
Date=Fri, 06 Dec 2024 05:12:09 GMT
Content-Type=application/json
Transfer-Encoding=chunked
Connection=keep-alive
Access-Control-Allow-Origin=*
Access-Control-Allow-Methods=GET, POST, DELETE, PUT
Access-Control-Allow-Headers=Content-Type, api_key, Authorization
Server=Jetty(9.2.9.v20150224)
======================================================================================
======================================================================================
]]></system-out>
  </testcase>
  <testcase name="testFindPetByPetIDGetResponse[20, 234, Animal, Lucky, www.google.com, www.facebook.com, 20, Black, pending](2)" classname="api.test.PetTest" time="1.81">
    <system-out><![CDATA[testFindPetByPetIDGetResponse got successfully executed.
RequestResponseFilter instantiated...
************************************
************************************


testFindPetByPetIDGetResponse started executing.
======================================================================================
======================================================================================
cURL Command: 
curl -X GET 'https://petstore.swagger.io/v2/pet/20' -H 'Accept: application/json' -H 'Content-Type: application/json'
******************************************************************
Response Status line: 
HTTP/1.1 200 OK
Response Body: 
{
    "id": 20,
    "category": {
        "id": 234,
        "name": "Animal555"
    },
    "name": "Lucky",
    "photoUrls": [
        "www.google.com",
        "www.facebook.com"
    ],
    "tags": [
        {
            "id": 22,
            "name": "Black"
        }
    ],
    "status": "pending"
}
Response Headers: 
Date=Fri, 06 Dec 2024 05:12:11 GMT
Content-Type=application/json
Transfer-Encoding=chunked
Connection=keep-alive
Access-Control-Allow-Origin=*
Access-Control-Allow-Methods=GET, POST, DELETE, PUT
Access-Control-Allow-Headers=Content-Type, api_key, Authorization
Server=Jetty(9.2.9.v20150224)
======================================================================================
======================================================================================
]]></system-out>
  </testcase>
  <testcase name="testFindPetByPetIDGetResponse[30, 345, Fish, Goldy, www.google.com, www.facebook.com, 30, Golden, sold](3)" classname="api.test.PetTest" time="1.384">
    <system-out><![CDATA[testFindPetByPetIDGetResponse got successfully executed.
RequestResponseFilter instantiated...
************************************
************************************


testFindPetByPetIDGetResponse started executing.
======================================================================================
======================================================================================
cURL Command: 
curl -X GET 'https://petstore.swagger.io/v2/pet/30' -H 'Accept: application/json' -H 'Content-Type: application/json'
******************************************************************
Response Status line: 
HTTP/1.1 200 OK
Response Body: 
{
    "id": 30,
    "category": {
        "id": 345,
        "name": "Fish555"
    },
    "name": "Goldy",
    "photoUrls": [
        "www.google.com",
        "www.facebook.com"
    ],
    "tags": [
        {
            "id": 33,
            "name": "Golden"
        }
    ],
    "status": "sold"
}
Response Headers: 
Date=Fri, 06 Dec 2024 05:12:13 GMT
Content-Type=application/json
Transfer-Encoding=chunked
Connection=keep-alive
Access-Control-Allow-Origin=*
Access-Control-Allow-Methods=GET, POST, DELETE, PUT
Access-Control-Allow-Headers=Content-Type, api_key, Authorization
Server=Jetty(9.2.9.v20150224)
======================================================================================
======================================================================================
]]></system-out>
  </testcase>
  <testcase name="testUpdatePetPuTResponse" classname="api.test.PetTest" time="2.933">
    <system-out><![CDATA[testFindPetByPetIDGetResponse got successfully executed.
RequestResponseFilter instantiated...
************************************
************************************


testUpdatePetPuTResponse started executing.
======================================================================================
======================================================================================
cURL Command: 
curl -X POST 'https://petstore.swagger.io/v2/pet/30' -H 'Accept: application/json' -H 'Content-Type: application/x-www-form-urlencoded; charset=ISO-8859-1'
******************************************************************
Response Status line: 
HTTP/1.1 200 OK
Response Body: 
{
    "code": 200,
    "type": "unknown",
    "message": "30"
}
Response Headers: 
Date=Fri, 06 Dec 2024 05:12:14 GMT
Content-Type=application/json
Transfer-Encoding=chunked
Connection=keep-alive
Access-Control-Allow-Origin=*
Access-Control-Allow-Methods=GET, POST, DELETE, PUT
Access-Control-Allow-Headers=Content-Type, api_key, Authorization
Server=Jetty(9.2.9.v20150224)
======================================================================================
======================================================================================
======================================================================================
======================================================================================
cURL Command: 
curl -X GET 'https://petstore.swagger.io/v2/pet/30' -H 'Accept: application/json' -H 'Content-Type: application/json'
******************************************************************
Response Status line: 
HTTP/1.1 200 OK
Response Body: 
{
    "id": 30,
    "category": {
        "id": 345,
        "name": "Fish555"
    },
    "name": "Luna",
    "photoUrls": [
        "www.google.com",
        "www.facebook.com"
    ],
    "tags": [
        {
            "id": 33,
            "name": "Golden"
        }
    ],
    "status": "pending"
}
Response Headers: 
Date=Fri, 06 Dec 2024 05:12:16 GMT
Content-Type=application/json
Transfer-Encoding=chunked
Connection=keep-alive
Access-Control-Allow-Origin=*
Access-Control-Allow-Methods=GET, POST, DELETE, PUT
Access-Control-Allow-Headers=Content-Type, api_key, Authorization
Server=Jetty(9.2.9.v20150224)
======================================================================================
======================================================================================
]]></system-out>
  </testcase>
  <testcase name="testUploadPetImagePostResponse" classname="api.test.PetTest" time="3.019">
    <system-out><![CDATA[testUpdatePetPuTResponse got successfully executed.
RequestResponseFilter instantiated...
************************************
************************************


testUploadPetImagePostResponse started executing.
======================================================================================
======================================================================================
cURL Command: 
curl -X POST 'https://petstore.swagger.io/v2/pet/30/uploadImage' -H 'Accept: application/json' -H 'Content-Type: multipart/form-data'
******************************************************************
Response Status line: 
HTTP/1.1 200 OK
Response Body: 
{
    "code": 200,
    "type": "unknown",
    "message": "additionalMetadata: Tiger Image\nFile uploaded to ./2....jpg, 601779 bytes"
}
Response Headers: 
Date=Fri, 06 Dec 2024 05:12:19 GMT
Content-Type=application/json
Transfer-Encoding=chunked
Connection=keep-alive
Access-Control-Allow-Origin=*
Access-Control-Allow-Methods=GET, POST, DELETE, PUT
Access-Control-Allow-Headers=Content-Type, api_key, Authorization
Server=Jetty(9.2.9.v20150224)
======================================================================================
======================================================================================
]]></system-out>
  </testcase>
  <testcase name="testDeletePetDeleteResponse" classname="api.test.PetTest" time="2.963">
    <system-out><![CDATA[testUploadPetImagePostResponse got successfully executed.
RequestResponseFilter instantiated...
************************************
************************************


testDeletePetDeleteResponse started executing.
======================================================================================
======================================================================================
cURL Command: 
curl -X DELETE 'https://petstore.swagger.io/v2/pet/20' -H 'Accept: application/json' -H 'api_key: special-key' -H 'Content-Type: application/json'
******************************************************************
Response Status line: 
HTTP/1.1 200 OK
Response Body: 
{
    "code": 200,
    "type": "unknown",
    "message": "20"
}
Response Headers: 
Date=Fri, 06 Dec 2024 05:12:20 GMT
Content-Type=application/json
Transfer-Encoding=chunked
Connection=keep-alive
Access-Control-Allow-Origin=*
Access-Control-Allow-Methods=GET, POST, DELETE, PUT
Access-Control-Allow-Headers=Content-Type, api_key, Authorization
Server=Jetty(9.2.9.v20150224)
======================================================================================
======================================================================================
======================================================================================
======================================================================================
cURL Command: 
curl -X DELETE 'https://petstore.swagger.io/v2/pet/20' -H 'Accept: application/json' -H 'api_key: special-key' -H 'Content-Type: application/json'
******************************************************************
Response Status line: 
HTTP/1.1 404 Not Found
Response Body: 

Response Headers: 
Date=Fri, 06 Dec 2024 05:12:22 GMT
Content-Length=0
Connection=keep-alive
Access-Control-Allow-Origin=*
Access-Control-Allow-Methods=GET, POST, DELETE, PUT
Access-Control-Allow-Headers=Content-Type, api_key, Authorization
Server=Jetty(9.2.9.v20150224)
======================================================================================
======================================================================================
]]></system-out>
  </testcase>
  <testcase name="deleberatlyFailTest" classname="api.test.PetTest" time="0.003">
    <failure message="null" type="java.lang.AssertionError"><![CDATA[java.lang.AssertionError: null
	at org.testng.Assert.fail(Assert.java:111)
	at org.testng.Assert.fail(Assert.java:116)
	at api.test.PetTest.deleberatlyFailTest(PetTest.java:575)
	at java.base/jdk.internal.reflect.NativeMethodAccessorImpl.invoke0(Native Method)
	at java.base/jdk.internal.reflect.NativeMethodAccessorImpl.invoke(NativeMethodAccessorImpl.java:77)
	at java.base/jdk.internal.reflect.DelegatingMethodAccessorImpl.invoke(DelegatingMethodAccessorImpl.java:43)
	at java.base/java.lang.reflect.Method.invoke(Method.java:568)
	at org.testng.internal.invokers.MethodInvocationHelper.invokeMethod(MethodInvocationHelper.java:139)
	at org.testng.internal.invokers.TestInvoker.invokeMethod(TestInvoker.java:664)
	at org.testng.internal.invokers.TestInvoker.invokeTestMethod(TestInvoker.java:227)
	at org.testng.internal.invokers.MethodRunner.runInSequence(MethodRunner.java:50)
	at org.testng.internal.invokers.TestInvoker$MethodInvocationAgent.invoke(TestInvoker.java:957)
	at org.testng.internal.invokers.TestInvoker.invokeTestMethods(TestInvoker.java:200)
	at org.testng.internal.invokers.TestMethodWorker.invokeTestMethods(TestMethodWorker.java:148)
	at org.testng.internal.invokers.TestMethodWorker.run(TestMethodWorker.java:128)
	at java.base/java.util.ArrayList.forEach(ArrayList.java:1511)
	at org.testng.TestRunner.privateRun(TestRunner.java:848)
	at org.testng.TestRunner.run(TestRunner.java:621)
	at org.testng.SuiteRunner.runTest(SuiteRunner.java:443)
	at org.testng.SuiteRunner.runSequentially(SuiteRunner.java:437)
	at org.testng.SuiteRunner.privateRun(SuiteRunner.java:397)
	at org.testng.SuiteRunner.run(SuiteRunner.java:336)
	at org.testng.SuiteRunnerWorker.runSuite(SuiteRunnerWorker.java:52)
	at org.testng.SuiteRunnerWorker.run(SuiteRunnerWorker.java:95)
	at org.testng.TestNG.runSuitesSequentially(TestNG.java:1280)
	at org.testng.TestNG.runSuitesLocally(TestNG.java:1200)
	at org.testng.TestNG.runSuites(TestNG.java:1114)
	at org.testng.TestNG.run(TestNG.java:1082)
	at org.apache.maven.surefire.testng.TestNGExecutor.run(TestNGExecutor.java:155)
	at org.apache.maven.surefire.testng.TestNGDirectoryTestSuite.executeMulti(TestNGDirectoryTestSuite.java:169)
	at org.apache.maven.surefire.testng.TestNGDirectoryTestSuite.execute(TestNGDirectoryTestSuite.java:88)
	at org.apache.maven.surefire.testng.TestNGProvider.invoke(TestNGProvider.java:137)
	at org.apache.maven.surefire.booter.ForkedBooter.runSuitesInProcess(ForkedBooter.java:385)
	at org.apache.maven.surefire.booter.ForkedBooter.execute(ForkedBooter.java:162)
	at org.apache.maven.surefire.booter.ForkedBooter.run(ForkedBooter.java:507)
	at org.apache.maven.surefire.booter.ForkedBooter.main(ForkedBooter.java:495)
]]></failure>
    <system-out><![CDATA[testDeletePetDeleteResponse got successfully executed.
RequestResponseFilter instantiated...
************************************
************************************


deleberatlyFailTest started executing.
]]></system-out>
  </testcase>
  <testcase name="deleberatlySkippedTest1" classname="api.test.PetTest" time="0.0">
    <skipped message="Method api.test.PetTest.deleberatlySkippedTest1() on instance api.test.PetTest@4c9f8c13 depends on not successfully finished methods &#10;[api.test.PetTest.deleberatlyFailTest() on instance api.test.PetTest@4c9f8c13]"/>
    <system-out><![CDATA[deleberatlyFailTest got failed.
************************************
************************************


deleberatlySkippedTest1 started executing.
]]></system-out>
  </testcase>
  <testcase name="deleberatlySkippedTest2" classname="api.test.PetTest" time="0.0">
    <skipped message="Method api.test.PetTest.deleberatlySkippedTest2() on instance api.test.PetTest@4c9f8c13 depends on not successfully finished methods &#10;[api.test.PetTest.deleberatlyFailTest() on instance api.test.PetTest@4c9f8c13]"/>
    <system-out><![CDATA[deleberatlySkippedTest1 got skipped.
************************************
************************************


deleberatlySkippedTest2 started executing.
]]></system-out>
  </testcase>
  <testcase name="testPostStoreResponse" classname="api.test.StoreTest" time="1.352">
    <system-out><![CDATA[deleberatlySkippedTest2 got skipped.
RequestResponseFilter instantiated...
************************************
************************************


testPostStoreResponse started executing.
======================================================================================
======================================================================================
cURL Command: 
curl -X POST 'https://petstore.swagger.io/v2/store/order' -H 'Accept: application/json, application/javascript, text/javascript, text/json' -H 'Content-Type: application/json' --data '{"id":3,"petId":2003,"quantity":45,"shipDate":"2023-12-12T16:35:59.906+0000","status":"placed","complete":true}'
******************************************************************
Response Status line: 
HTTP/1.1 200 OK
Response Body: 
{
    "id": 3,
    "petId": 2003,
    "quantity": 45,
    "shipDate": "2023-12-12T16:35:59.906+0000",
    "status": "placed",
    "complete": true
}
Response Headers: 
Date=Fri, 06 Dec 2024 05:12:23 GMT
Content-Type=application/json
Transfer-Encoding=chunked
Connection=keep-alive
Access-Control-Allow-Origin=*
Access-Control-Allow-Methods=GET, POST, DELETE, PUT
Access-Control-Allow-Headers=Content-Type, api_key, Authorization
Server=Jetty(9.2.9.v20150224)
======================================================================================
======================================================================================
]]></system-out>
  </testcase>
  <testcase name="testGetStoreOrderResponse" classname="api.test.StoreTest" time="3.427">
    <failure message="Expected status code is 404 for invalid order ID. expected [404] but found [200]" type="java.lang.AssertionError"><![CDATA[java.lang.AssertionError: Expected status code is 404 for invalid order ID. expected [404] but found [200]
	at org.testng.Assert.fail(Assert.java:111)
	at org.testng.Assert.failNotEquals(Assert.java:1578)
	at org.testng.Assert.assertEqualsImpl(Assert.java:150)
	at org.testng.Assert.assertEquals(Assert.java:132)
	at org.testng.Assert.assertEquals(Assert.java:1419)
	at org.testng.Assert.assertEquals(Assert.java:1383)
	at api.test.StoreTest.testGetStoreOrderResponse(StoreTest.java:212)
	at java.base/jdk.internal.reflect.NativeMethodAccessorImpl.invoke0(Native Method)
	at java.base/jdk.internal.reflect.NativeMethodAccessorImpl.invoke(NativeMethodAccessorImpl.java:77)
	at java.base/jdk.internal.reflect.DelegatingMethodAccessorImpl.invoke(DelegatingMethodAccessorImpl.java:43)
	at java.base/java.lang.reflect.Method.invoke(Method.java:568)
	at org.testng.internal.invokers.MethodInvocationHelper.invokeMethod(MethodInvocationHelper.java:139)
	at org.testng.internal.invokers.TestInvoker.invokeMethod(TestInvoker.java:664)
	at org.testng.internal.invokers.TestInvoker.invokeTestMethod(TestInvoker.java:227)
	at org.testng.internal.invokers.MethodRunner.runInSequence(MethodRunner.java:50)
	at org.testng.internal.invokers.TestInvoker$MethodInvocationAgent.invoke(TestInvoker.java:957)
	at org.testng.internal.invokers.TestInvoker.invokeTestMethods(TestInvoker.java:200)
	at org.testng.internal.invokers.TestMethodWorker.invokeTestMethods(TestMethodWorker.java:148)
	at org.testng.internal.invokers.TestMethodWorker.run(TestMethodWorker.java:128)
	at java.base/java.util.ArrayList.forEach(ArrayList.java:1511)
	at org.testng.TestRunner.privateRun(TestRunner.java:848)
	at org.testng.TestRunner.run(TestRunner.java:621)
	at org.testng.SuiteRunner.runTest(SuiteRunner.java:443)
	at org.testng.SuiteRunner.runSequentially(SuiteRunner.java:437)
	at org.testng.SuiteRunner.privateRun(SuiteRunner.java:397)
	at org.testng.SuiteRunner.run(SuiteRunner.java:336)
	at org.testng.SuiteRunnerWorker.runSuite(SuiteRunnerWorker.java:52)
	at org.testng.SuiteRunnerWorker.run(SuiteRunnerWorker.java:95)
	at org.testng.TestNG.runSuitesSequentially(TestNG.java:1280)
	at org.testng.TestNG.runSuitesLocally(TestNG.java:1200)
	at org.testng.TestNG.runSuites(TestNG.java:1114)
	at org.testng.TestNG.run(TestNG.java:1082)
	at org.apache.maven.surefire.testng.TestNGExecutor.run(TestNGExecutor.java:155)
	at org.apache.maven.surefire.testng.TestNGDirectoryTestSuite.executeMulti(TestNGDirectoryTestSuite.java:169)
	at org.apache.maven.surefire.testng.TestNGDirectoryTestSuite.execute(TestNGDirectoryTestSuite.java:88)
	at org.apache.maven.surefire.testng.TestNGProvider.invoke(TestNGProvider.java:137)
	at org.apache.maven.surefire.booter.ForkedBooter.runSuitesInProcess(ForkedBooter.java:385)
	at org.apache.maven.surefire.booter.ForkedBooter.execute(ForkedBooter.java:162)
	at org.apache.maven.surefire.booter.ForkedBooter.run(ForkedBooter.java:507)
	at org.apache.maven.surefire.booter.ForkedBooter.main(ForkedBooter.java:495)
]]></failure>
    <system-out><![CDATA[testPostStoreResponse got successfully executed.
RequestResponseFilter instantiated...
************************************
************************************


testGetStoreOrderResponse started executing.
======================================================================================
======================================================================================
cURL Command: 
curl -X GET 'https://petstore.swagger.io/v2/store/order/3' -H 'Accept: application/json, application/javascript, text/javascript, text/json' -H 'Content-Type: application/json'
******************************************************************
Response Status line: 
HTTP/1.1 200 OK
Response Body: 
{
    "id": 3,
    "petId": 2003,
    "quantity": 45,
    "shipDate": "2023-12-12T16:35:59.906+0000",
    "status": "placed",
    "complete": true
}
Response Headers: 
Date=Fri, 06 Dec 2024 05:12:25 GMT
Content-Type=application/json
Transfer-Encoding=chunked
Connection=keep-alive
Access-Control-Allow-Origin=*
Access-Control-Allow-Methods=GET, POST, DELETE, PUT
Access-Control-Allow-Headers=Content-Type, api_key, Authorization
Server=Jetty(9.2.9.v20150224)
======================================================================================
======================================================================================
======================================================================================
======================================================================================
cURL Command: 
curl -X GET 'https://petstore.swagger.io/v2/store/order/101' -H 'Accept: application/json, application/javascript, text/javascript, text/json' -H 'Content-Type: application/json'
******************************************************************
Response Status line: 
HTTP/1.1 200 OK
Response Body: 
{
    "id": 101,
    "petId": 2,
    "quantity": 1,
    "shipDate": "2024-12-06T04:12:55.539+0000",
    "status": "placed",
    "complete": true
}
Response Headers: 
Date=Fri, 06 Dec 2024 05:12:26 GMT
Content-Type=application/json
Transfer-Encoding=chunked
Connection=keep-alive
Access-Control-Allow-Origin=*
Access-Control-Allow-Methods=GET, POST, DELETE, PUT
Access-Control-Allow-Headers=Content-Type, api_key, Authorization
Server=Jetty(9.2.9.v20150224)
======================================================================================
======================================================================================
]]></system-out>
  </testcase>
  <testcase name="testGetStoreInventoriesResponse" classname="api.test.StoreTest" time="1.682">
    <failure message="1 expectation failed.&#10;Response body doesn&apos;t match expectation.&#10;Expected: The content to match the given JSON schema.&#10;error: object instance has properties which are not allowed by the schema: [&quot;05.12.2024&quot;,&quot;Avilable&quot;,&quot;The Best Dog of World&quot;,&quot;not available&quot;,&quot;pending&quot;]&#10;    level: &quot;error&quot;&#10;    schema: {&quot;loadingURI&quot;:&quot;#&quot;,&quot;pointer&quot;:&quot;/definitions/Welcome8&quot;}&#10;    instance: {&quot;pointer&quot;:&quot;&quot;}&#10;    domain: &quot;validation&quot;&#10;    keyword: &quot;additionalProperties&quot;&#10;    unwanted: [&quot;05.12.2024&quot;,&quot;Avilable&quot;,&quot;The Best Dog of World&quot;,&quot;not available&quot;,&quot;pending&quot;]&#10;error: object has missing required properties ([&quot;placed&quot;,&quot;ratvelleg&quot;,&quot;status&quot;])&#10;    level: &quot;error&quot;&#10;    schema: {&quot;loadingURI&quot;:&quot;#&quot;,&quot;pointer&quot;:&quot;/definitions/Welcome8&quot;}&#10;    instance: {&quot;pointer&quot;:&quot;&quot;}&#10;    domain: &quot;validation&quot;&#10;    keyword: &quot;required&quot;&#10;    required: [&quot;available&quot;,&quot;placed&quot;,&quot;ratvelleg&quot;,&quot;sold&quot;,&quot;status&quot;,&quot;string&quot;]&#10;    missing: [&quot;placed&quot;,&quot;ratvelleg&quot;,&quot;status&quot;]&#10;&#10;  Actual: {&quot;sold&quot;:18,&quot;The Best Dog of World&quot;:1,&quot;string&quot;:743,&quot;pending&quot;:6,&quot;available&quot;:216,&quot;not available&quot;:1,&quot;Avilable&quot;:1,&quot;05.12.2024&quot;:1}&#10;" type="java.lang.AssertionError"><![CDATA[java.lang.AssertionError: 
1 expectation failed.
Response body doesn't match expectation.
Expected: The content to match the given JSON schema.
error: object instance has properties which are not allowed by the schema: ["05.12.2024","Avilable","The Best Dog of World","not available","pending"]
    level: "error"
    schema: {"loadingURI":"#","pointer":"/definitions/Welcome8"}
    instance: {"pointer":""}
    domain: "validation"
    keyword: "additionalProperties"
    unwanted: ["05.12.2024","Avilable","The Best Dog of World","not available","pending"]
error: object has missing required properties (["placed","ratvelleg","status"])
    level: "error"
    schema: {"loadingURI":"#","pointer":"/definitions/Welcome8"}
    instance: {"pointer":""}
    domain: "validation"
    keyword: "required"
    required: ["available","placed","ratvelleg","sold","status","string"]
    missing: ["placed","ratvelleg","status"]

  Actual: {"sold":18,"The Best Dog of World":1,"string":743,"pending":6,"available":216,"not available":1,"Avilable":1,"05.12.2024":1}

	at java.base/jdk.internal.reflect.NativeConstructorAccessorImpl.newInstance0(Native Method)
	at java.base/jdk.internal.reflect.NativeConstructorAccessorImpl.newInstance(NativeConstructorAccessorImpl.java:77)
	at java.base/jdk.internal.reflect.DelegatingConstructorAccessorImpl.newInstance(DelegatingConstructorAccessorImpl.java:45)
	at java.base/java.lang.reflect.Constructor.newInstanceWithCaller(Constructor.java:499)
	at java.base/java.lang.reflect.Constructor.newInstance(Constructor.java:480)
	at org.codehaus.groovy.reflection.CachedConstructor.invoke(CachedConstructor.java:73)
	at org.codehaus.groovy.runtime.callsite.ConstructorSite$ConstructorSiteNoUnwrapNoCoerce.callConstructor(ConstructorSite.java:108)
	at org.codehaus.groovy.runtime.callsite.CallSiteArray.defaultCallConstructor(CallSiteArray.java:57)
	at org.codehaus.groovy.runtime.callsite.AbstractCallSite.callConstructor(AbstractCallSite.java:263)
	at org.codehaus.groovy.runtime.callsite.AbstractCallSite.callConstructor(AbstractCallSite.java:277)
	at io.restassured.internal.ResponseSpecificationImpl$HamcrestAssertionClosure.validate(ResponseSpecificationImpl.groovy:512)
	at io.restassured.internal.ResponseSpecificationImpl$HamcrestAssertionClosure$validate$1.call(Unknown Source)
	at io.restassured.internal.ResponseSpecificationImpl.validateResponseIfRequired(ResponseSpecificationImpl.groovy:696)
	at io.restassured.internal.ResponseSpecificationImpl.this$2$validateResponseIfRequired(ResponseSpecificationImpl.groovy)
	at java.base/jdk.internal.reflect.NativeMethodAccessorImpl.invoke0(Native Method)
	at java.base/jdk.internal.reflect.NativeMethodAccessorImpl.invoke(NativeMethodAccessorImpl.java:77)
	at java.base/jdk.internal.reflect.DelegatingMethodAccessorImpl.invoke(DelegatingMethodAccessorImpl.java:43)
	at java.base/java.lang.reflect.Method.invoke(Method.java:568)
	at org.codehaus.groovy.runtime.callsite.PlainObjectMetaMethodSite.doInvoke(PlainObjectMetaMethodSite.java:43)
	at org.codehaus.groovy.runtime.callsite.PogoMetaMethodSite$PogoCachedMethodSiteNoUnwrapNoCoerce.invoke(PogoMetaMethodSite.java:198)
	at org.codehaus.groovy.runtime.callsite.PogoMetaMethodSite.callCurrent(PogoMetaMethodSite.java:62)
	at org.codehaus.groovy.runtime.callsite.AbstractCallSite.callCurrent(AbstractCallSite.java:185)
	at io.restassured.internal.ResponseSpecificationImpl.body(ResponseSpecificationImpl.groovy:107)
	at io.restassured.internal.ValidatableResponseOptionsImpl.body(ValidatableResponseOptionsImpl.java:238)
	at api.test.StoreTest.testGetStoreInventoriesResponse(StoreTest.java:278)
	at java.base/jdk.internal.reflect.NativeMethodAccessorImpl.invoke0(Native Method)
	at java.base/jdk.internal.reflect.NativeMethodAccessorImpl.invoke(NativeMethodAccessorImpl.java:77)
	at java.base/jdk.internal.reflect.DelegatingMethodAccessorImpl.invoke(DelegatingMethodAccessorImpl.java:43)
	at java.base/java.lang.reflect.Method.invoke(Method.java:568)
	at org.testng.internal.invokers.MethodInvocationHelper.invokeMethod(MethodInvocationHelper.java:139)
	at org.testng.internal.invokers.TestInvoker.invokeMethod(TestInvoker.java:664)
	at org.testng.internal.invokers.TestInvoker.invokeTestMethod(TestInvoker.java:227)
	at org.testng.internal.invokers.MethodRunner.runInSequence(MethodRunner.java:50)
	at org.testng.internal.invokers.TestInvoker$MethodInvocationAgent.invoke(TestInvoker.java:957)
	at org.testng.internal.invokers.TestInvoker.invokeTestMethods(TestInvoker.java:200)
	at org.testng.internal.invokers.TestMethodWorker.invokeTestMethods(TestMethodWorker.java:148)
	at org.testng.internal.invokers.TestMethodWorker.run(TestMethodWorker.java:128)
	at java.base/java.util.ArrayList.forEach(ArrayList.java:1511)
	at org.testng.TestRunner.privateRun(TestRunner.java:848)
	at org.testng.TestRunner.run(TestRunner.java:621)
	at org.testng.SuiteRunner.runTest(SuiteRunner.java:443)
	at org.testng.SuiteRunner.runSequentially(SuiteRunner.java:437)
	at org.testng.SuiteRunner.privateRun(SuiteRunner.java:397)
	at org.testng.SuiteRunner.run(SuiteRunner.java:336)
	at org.testng.SuiteRunnerWorker.runSuite(SuiteRunnerWorker.java:52)
	at org.testng.SuiteRunnerWorker.run(SuiteRunnerWorker.java:95)
	at org.testng.TestNG.runSuitesSequentially(TestNG.java:1280)
	at org.testng.TestNG.runSuitesLocally(TestNG.java:1200)
	at org.testng.TestNG.runSuites(TestNG.java:1114)
	at org.testng.TestNG.run(TestNG.java:1082)
	at org.apache.maven.surefire.testng.TestNGExecutor.run(TestNGExecutor.java:155)
	at org.apache.maven.surefire.testng.TestNGDirectoryTestSuite.executeMulti(TestNGDirectoryTestSuite.java:169)
	at org.apache.maven.surefire.testng.TestNGDirectoryTestSuite.execute(TestNGDirectoryTestSuite.java:88)
	at org.apache.maven.surefire.testng.TestNGProvider.invoke(TestNGProvider.java:137)
	at org.apache.maven.surefire.booter.ForkedBooter.runSuitesInProcess(ForkedBooter.java:385)
	at org.apache.maven.surefire.booter.ForkedBooter.execute(ForkedBooter.java:162)
	at org.apache.maven.surefire.booter.ForkedBooter.run(ForkedBooter.java:507)
	at org.apache.maven.surefire.booter.ForkedBooter.main(ForkedBooter.java:495)
]]></failure>
    <system-out><![CDATA[testGetStoreOrderResponse got failed.
RequestResponseFilter instantiated...
************************************
************************************


testGetStoreInventoriesResponse started executing.
======================================================================================
======================================================================================
cURL Command: 
curl -X GET 'https://petstore.swagger.io/v2/store/inventory?api_key=special-key' -H 'Accept: application/json, application/javascript, text/javascript, text/json' -H 'Content-Type: application/json'
******************************************************************
Response Status line: 
HTTP/1.1 200 OK
Response Body: 
{
    "sold": 18,
    "The Best Dog of World": 1,
    "string": 743,
    "pending": 6,
    "available": 216,
    "not available": 1,
    "Avilable": 1,
    "05.12.2024": 1
}
Response Headers: 
Date=Fri, 06 Dec 2024 05:12:28 GMT
Content-Type=application/json
Transfer-Encoding=chunked
Connection=keep-alive
Access-Control-Allow-Origin=*
Access-Control-Allow-Methods=GET, POST, DELETE, PUT
Access-Control-Allow-Headers=Content-Type, api_key, Authorization
Server=Jetty(9.2.9.v20150224)
======================================================================================
======================================================================================
]]></system-out>
  </testcase>
  <testcase name="testDeleteStoreOrderResponse" classname="api.test.StoreTest" time="3.01">
    <failure message="Expected status code is 200. expected [200] but found [404]" type="java.lang.AssertionError"><![CDATA[java.lang.AssertionError: Expected status code is 200. expected [200] but found [404]
	at org.testng.Assert.fail(Assert.java:111)
	at org.testng.Assert.failNotEquals(Assert.java:1578)
	at org.testng.Assert.assertEqualsImpl(Assert.java:150)
	at org.testng.Assert.assertEquals(Assert.java:132)
	at org.testng.Assert.assertEquals(Assert.java:1419)
	at org.testng.Assert.assertEquals(Assert.java:1383)
	at api.test.StoreTest.testDeleteStoreOrderResponse(StoreTest.java:365)
	at java.base/jdk.internal.reflect.NativeMethodAccessorImpl.invoke0(Native Method)
	at java.base/jdk.internal.reflect.NativeMethodAccessorImpl.invoke(NativeMethodAccessorImpl.java:77)
	at java.base/jdk.internal.reflect.DelegatingMethodAccessorImpl.invoke(DelegatingMethodAccessorImpl.java:43)
	at java.base/java.lang.reflect.Method.invoke(Method.java:568)
	at org.testng.internal.invokers.MethodInvocationHelper.invokeMethod(MethodInvocationHelper.java:139)
	at org.testng.internal.invokers.TestInvoker.invokeMethod(TestInvoker.java:664)
	at org.testng.internal.invokers.TestInvoker.invokeTestMethod(TestInvoker.java:227)
	at org.testng.internal.invokers.MethodRunner.runInSequence(MethodRunner.java:50)
	at org.testng.internal.invokers.TestInvoker$MethodInvocationAgent.invoke(TestInvoker.java:957)
	at org.testng.internal.invokers.TestInvoker.invokeTestMethods(TestInvoker.java:200)
	at org.testng.internal.invokers.TestMethodWorker.invokeTestMethods(TestMethodWorker.java:148)
	at org.testng.internal.invokers.TestMethodWorker.run(TestMethodWorker.java:128)
	at java.base/java.util.ArrayList.forEach(ArrayList.java:1511)
	at org.testng.TestRunner.privateRun(TestRunner.java:848)
	at org.testng.TestRunner.run(TestRunner.java:621)
	at org.testng.SuiteRunner.runTest(SuiteRunner.java:443)
	at org.testng.SuiteRunner.runSequentially(SuiteRunner.java:437)
	at org.testng.SuiteRunner.privateRun(SuiteRunner.java:397)
	at org.testng.SuiteRunner.run(SuiteRunner.java:336)
	at org.testng.SuiteRunnerWorker.runSuite(SuiteRunnerWorker.java:52)
	at org.testng.SuiteRunnerWorker.run(SuiteRunnerWorker.java:95)
	at org.testng.TestNG.runSuitesSequentially(TestNG.java:1280)
	at org.testng.TestNG.runSuitesLocally(TestNG.java:1200)
	at org.testng.TestNG.runSuites(TestNG.java:1114)
	at org.testng.TestNG.run(TestNG.java:1082)
	at org.apache.maven.surefire.testng.TestNGExecutor.run(TestNGExecutor.java:155)
	at org.apache.maven.surefire.testng.TestNGDirectoryTestSuite.executeMulti(TestNGDirectoryTestSuite.java:169)
	at org.apache.maven.surefire.testng.TestNGDirectoryTestSuite.execute(TestNGDirectoryTestSuite.java:88)
	at org.apache.maven.surefire.testng.TestNGProvider.invoke(TestNGProvider.java:137)
	at org.apache.maven.surefire.booter.ForkedBooter.runSuitesInProcess(ForkedBooter.java:385)
	at org.apache.maven.surefire.booter.ForkedBooter.execute(ForkedBooter.java:162)
	at org.apache.maven.surefire.booter.ForkedBooter.run(ForkedBooter.java:507)
	at org.apache.maven.surefire.booter.ForkedBooter.main(ForkedBooter.java:495)
]]></failure>
    <system-out><![CDATA[testGetStoreInventoriesResponse got failed.
RequestResponseFilter instantiated...
************************************
************************************


testDeleteStoreOrderResponse started executing.
======================================================================================
======================================================================================
cURL Command: 
curl -X DELETE 'https://petstore.swagger.io/v2/store/order/3' -H 'Accept: application/json, application/javascript, text/javascript, text/json' -H 'Content-Type: application/json'
******************************************************************
Response Status line: 
HTTP/1.1 200 OK
Response Body: 
{
    "code": 200,
    "type": "unknown",
    "message": "3"
}
Response Headers: 
Date=Fri, 06 Dec 2024 05:12:30 GMT
Content-Type=application/json
Transfer-Encoding=chunked
Connection=keep-alive
Access-Control-Allow-Origin=*
Access-Control-Allow-Methods=GET, POST, DELETE, PUT
Access-Control-Allow-Headers=Content-Type, api_key, Authorization
Server=Jetty(9.2.9.v20150224)
======================================================================================
======================================================================================
======================================================================================
======================================================================================
cURL Command: 
curl -X GET 'https://petstore.swagger.io/v2/store/order/3' -H 'Accept: application/json, application/javascript, text/javascript, text/json' -H 'Content-Type: application/json'
******************************************************************
Response Status line: 
HTTP/1.1 404 Not Found
Response Body: 
{
    "code": 1,
    "type": "error",
    "message": "Order not found"
}
Response Headers: 
Date=Fri, 06 Dec 2024 05:12:31 GMT
Content-Type=application/json
Transfer-Encoding=chunked
Connection=keep-alive
Access-Control-Allow-Origin=*
Access-Control-Allow-Methods=GET, POST, DELETE, PUT
Access-Control-Allow-Headers=Content-Type, api_key, Authorization
Server=Jetty(9.2.9.v20150224)
======================================================================================
======================================================================================
]]></system-out>
  </testcase>
  <testcase name="createUser_shouldReturn200StatusCode" classname="api.test.UserTest" time="1.786">
    <system-out><![CDATA[testDeleteStoreOrderResponse got failed.
RequestResponseFilter instantiated...
************************************
************************************


createUser_shouldReturn200StatusCode started executing.
======================================================================================
======================================================================================
cURL Command: 
curl -X POST 'https://petstore.swagger.io/v2/user' -H 'Accept: application/json' -H 'Content-Type: application/json' --data '{"id":891780204,"username":"una.kreiger","firstName":"Rodger","lastName":"Mayer","email":"natalie.fay@example.com","password":"ag4x1gfzag","phone":"440.195.0054","userStatus":0}'
******************************************************************
Response Status line: 
HTTP/1.1 200 OK
Response Body: 
{
    "code": 200,
    "type": "unknown",
    "message": "891780204"
}
Response Headers: 
Date=Fri, 06 Dec 2024 05:12:33 GMT
Content-Type=application/json
Transfer-Encoding=chunked
Connection=keep-alive
Access-Control-Allow-Origin=*
Access-Control-Allow-Methods=GET, POST, DELETE, PUT
Access-Control-Allow-Headers=Content-Type, api_key, Authorization
Server=Jetty(9.2.9.v20150224)
======================================================================================
======================================================================================
]]></system-out>
  </testcase>
  <testcase name="getUser_shouldRespondWithinExpectedTime" classname="api.test.UserTest" time="1.563">
    <failure message="Response time is outside the expected range. expected [true] but found [false]" type="java.lang.AssertionError"><![CDATA[java.lang.AssertionError: Response time is outside the expected range. expected [true] but found [false]
	at org.testng.Assert.fail(Assert.java:111)
	at org.testng.Assert.failNotEquals(Assert.java:1578)
	at org.testng.Assert.assertTrue(Assert.java:57)
	at api.test.UserTest.getUser_shouldRespondWithinExpectedTime(UserTest.java:182)
	at java.base/jdk.internal.reflect.NativeMethodAccessorImpl.invoke0(Native Method)
	at java.base/jdk.internal.reflect.NativeMethodAccessorImpl.invoke(NativeMethodAccessorImpl.java:77)
	at java.base/jdk.internal.reflect.DelegatingMethodAccessorImpl.invoke(DelegatingMethodAccessorImpl.java:43)
	at java.base/java.lang.reflect.Method.invoke(Method.java:568)
	at org.testng.internal.invokers.MethodInvocationHelper.invokeMethod(MethodInvocationHelper.java:139)
	at org.testng.internal.invokers.TestInvoker.invokeMethod(TestInvoker.java:664)
	at org.testng.internal.invokers.TestInvoker.invokeTestMethod(TestInvoker.java:227)
	at org.testng.internal.invokers.MethodRunner.runInSequence(MethodRunner.java:50)
	at org.testng.internal.invokers.TestInvoker$MethodInvocationAgent.invoke(TestInvoker.java:957)
	at org.testng.internal.invokers.TestInvoker.invokeTestMethods(TestInvoker.java:200)
	at org.testng.internal.invokers.TestMethodWorker.invokeTestMethods(TestMethodWorker.java:148)
	at org.testng.internal.invokers.TestMethodWorker.run(TestMethodWorker.java:128)
	at java.base/java.util.ArrayList.forEach(ArrayList.java:1511)
	at org.testng.TestRunner.privateRun(TestRunner.java:848)
	at org.testng.TestRunner.run(TestRunner.java:621)
	at org.testng.SuiteRunner.runTest(SuiteRunner.java:443)
	at org.testng.SuiteRunner.runSequentially(SuiteRunner.java:437)
	at org.testng.SuiteRunner.privateRun(SuiteRunner.java:397)
	at org.testng.SuiteRunner.run(SuiteRunner.java:336)
	at org.testng.SuiteRunnerWorker.runSuite(SuiteRunnerWorker.java:52)
	at org.testng.SuiteRunnerWorker.run(SuiteRunnerWorker.java:95)
	at org.testng.TestNG.runSuitesSequentially(TestNG.java:1280)
	at org.testng.TestNG.runSuitesLocally(TestNG.java:1200)
	at org.testng.TestNG.runSuites(TestNG.java:1114)
	at org.testng.TestNG.run(TestNG.java:1082)
	at org.apache.maven.surefire.testng.TestNGExecutor.run(TestNGExecutor.java:155)
	at org.apache.maven.surefire.testng.TestNGDirectoryTestSuite.executeMulti(TestNGDirectoryTestSuite.java:169)
	at org.apache.maven.surefire.testng.TestNGDirectoryTestSuite.execute(TestNGDirectoryTestSuite.java:88)
	at org.apache.maven.surefire.testng.TestNGProvider.invoke(TestNGProvider.java:137)
	at org.apache.maven.surefire.booter.ForkedBooter.runSuitesInProcess(ForkedBooter.java:385)
	at org.apache.maven.surefire.booter.ForkedBooter.execute(ForkedBooter.java:162)
	at org.apache.maven.surefire.booter.ForkedBooter.run(ForkedBooter.java:507)
	at org.apache.maven.surefire.booter.ForkedBooter.main(ForkedBooter.java:495)
]]></failure>
    <system-out><![CDATA[createUser_shouldReturn200StatusCode got successfully executed.
RequestResponseFilter instantiated...
************************************
************************************


getUser_shouldRespondWithinExpectedTime started executing.
======================================================================================
======================================================================================
cURL Command: 
curl -X GET 'https://petstore.swagger.io/v2/user/una.kreiger' -H 'Accept: application/json' -H 'Content-Type: application/json'
******************************************************************
Response Status line: 
HTTP/1.1 200 OK
Response Body: 
{
    "id": 891780204,
    "username": "una.kreiger",
    "firstName": "Rodger",
    "lastName": "Mayer",
    "email": "natalie.fay@example.com",
    "password": "ag4x1gfzag",
    "phone": "440.195.0054",
    "userStatus": 0
}
Response Headers: 
Date=Fri, 06 Dec 2024 05:12:35 GMT
Content-Type=application/json
Transfer-Encoding=chunked
Connection=keep-alive
Access-Control-Allow-Origin=*
Access-Control-Allow-Methods=GET, POST, DELETE, PUT
Access-Control-Allow-Headers=Content-Type, api_key, Authorization
Server=Jetty(9.2.9.v20150224)
======================================================================================
======================================================================================
]]></system-out>
  </testcase>
  <testcase name="updateUser_shouldReturn200StatusCode" classname="api.test.UserTest" time="1.593">
    <failure message="JSONObject[&quot;id&quot;] not found." type="org.json.JSONException"><![CDATA[org.json.JSONException: JSONObject["id"] not found.
	at org.json.JSONObject.get(JSONObject.java:596)
	at api.test.UserTest.updateUser_shouldReturn200StatusCode(UserTest.java:305)
	at java.base/jdk.internal.reflect.NativeMethodAccessorImpl.invoke0(Native Method)
	at java.base/jdk.internal.reflect.NativeMethodAccessorImpl.invoke(NativeMethodAccessorImpl.java:77)
	at java.base/jdk.internal.reflect.DelegatingMethodAccessorImpl.invoke(DelegatingMethodAccessorImpl.java:43)
	at java.base/java.lang.reflect.Method.invoke(Method.java:568)
	at org.testng.internal.invokers.MethodInvocationHelper.invokeMethod(MethodInvocationHelper.java:139)
	at org.testng.internal.invokers.TestInvoker.invokeMethod(TestInvoker.java:664)
	at org.testng.internal.invokers.TestInvoker.invokeTestMethod(TestInvoker.java:227)
	at org.testng.internal.invokers.MethodRunner.runInSequence(MethodRunner.java:50)
	at org.testng.internal.invokers.TestInvoker$MethodInvocationAgent.invoke(TestInvoker.java:957)
	at org.testng.internal.invokers.TestInvoker.invokeTestMethods(TestInvoker.java:200)
	at org.testng.internal.invokers.TestMethodWorker.invokeTestMethods(TestMethodWorker.java:148)
	at org.testng.internal.invokers.TestMethodWorker.run(TestMethodWorker.java:128)
	at java.base/java.util.ArrayList.forEach(ArrayList.java:1511)
	at org.testng.TestRunner.privateRun(TestRunner.java:848)
	at org.testng.TestRunner.run(TestRunner.java:621)
	at org.testng.SuiteRunner.runTest(SuiteRunner.java:443)
	at org.testng.SuiteRunner.runSequentially(SuiteRunner.java:437)
	at org.testng.SuiteRunner.privateRun(SuiteRunner.java:397)
	at org.testng.SuiteRunner.run(SuiteRunner.java:336)
	at org.testng.SuiteRunnerWorker.runSuite(SuiteRunnerWorker.java:52)
	at org.testng.SuiteRunnerWorker.run(SuiteRunnerWorker.java:95)
	at org.testng.TestNG.runSuitesSequentially(TestNG.java:1280)
	at org.testng.TestNG.runSuitesLocally(TestNG.java:1200)
	at org.testng.TestNG.runSuites(TestNG.java:1114)
	at org.testng.TestNG.run(TestNG.java:1082)
	at org.apache.maven.surefire.testng.TestNGExecutor.run(TestNGExecutor.java:155)
	at org.apache.maven.surefire.testng.TestNGDirectoryTestSuite.executeMulti(TestNGDirectoryTestSuite.java:169)
	at org.apache.maven.surefire.testng.TestNGDirectoryTestSuite.execute(TestNGDirectoryTestSuite.java:88)
	at org.apache.maven.surefire.testng.TestNGProvider.invoke(TestNGProvider.java:137)
	at org.apache.maven.surefire.booter.ForkedBooter.runSuitesInProcess(ForkedBooter.java:385)
	at org.apache.maven.surefire.booter.ForkedBooter.execute(ForkedBooter.java:162)
	at org.apache.maven.surefire.booter.ForkedBooter.run(ForkedBooter.java:507)
	at org.apache.maven.surefire.booter.ForkedBooter.main(ForkedBooter.java:495)
]]></failure>
    <system-out><![CDATA[getUser_shouldRespondWithinExpectedTime got failed.
RequestResponseFilter instantiated...
************************************
************************************


updateUser_shouldReturn200StatusCode started executing.
======================================================================================
======================================================================================
cURL Command: 
curl -X PUT 'https://petstore.swagger.io/v2/user/una.kreiger' -H 'Accept: application/json' -H 'Content-Type: application/json' --data '{"id":891780204,"username":"una.kreiger","firstName":"Jovan","lastName":"Langosh","email":"isobel.kertzmann@example.com","password":"ag4x1gfzag","phone":"440.195.0054","userStatus":0}'
******************************************************************
Response Status line: 
HTTP/1.1 200 OK
Response Body: 
{
    "code": 200,
    "type": "unknown",
    "message": "891780204"
}
Response Headers: 
Date=Fri, 06 Dec 2024 05:12:36 GMT
Content-Type=application/json
Transfer-Encoding=chunked
Connection=keep-alive
Access-Control-Allow-Origin=*
Access-Control-Allow-Methods=GET, POST, DELETE, PUT
Access-Control-Allow-Headers=Content-Type, api_key, Authorization
Server=Jetty(9.2.9.v20150224)
======================================================================================
======================================================================================
]]></system-out>
  </testcase>
  <testcase name="updateUser_withInvalidUsername_shouldHandleGracefully" classname="api.test.UserTest" time="1.276">
    <system-out><![CDATA[updateUser_shouldReturn200StatusCode got failed.
RequestResponseFilter instantiated...
************************************
************************************


updateUser_withInvalidUsername_shouldHandleGracefully started executing.
======================================================================================
======================================================================================
cURL Command: 
curl -X PUT 'https://petstore.swagger.io/v2/user/wrongUsername' -H 'Accept: application/json' -H 'Content-Type: application/json' --data '{"id":891780204,"username":"una.kreiger","firstName":"Jovan","lastName":"Langosh","email":"isobel.kertzmann@example.com","password":"ag4x1gfzag","phone":"440.195.0054","userStatus":0}'
******************************************************************
Response Status line: 
HTTP/1.1 200 OK
Response Body: 
{
    "code": 200,
    "type": "unknown",
    "message": "891780204"
}
Response Headers: 
Date=Fri, 06 Dec 2024 05:12:38 GMT
Content-Type=application/json
Transfer-Encoding=chunked
Connection=keep-alive
Access-Control-Allow-Origin=*
Access-Control-Allow-Methods=GET, POST, DELETE, PUT
Access-Control-Allow-Headers=Content-Type, api_key, Authorization
Server=Jetty(9.2.9.v20150224)
======================================================================================
======================================================================================
]]></system-out>
  </testcase>
  <testcase name="loginUser_shouldReturn200StatusCode" classname="api.test.UserTest" time="1.416">
    <system-out><![CDATA[updateUser_withInvalidUsername_shouldHandleGracefully got successfully executed.
RequestResponseFilter instantiated...
************************************
************************************


loginUser_shouldReturn200StatusCode started executing.
======================================================================================
======================================================================================
cURL Command: 
curl -X GET 'https://petstore.swagger.io/v2/user/login?api_key=special-key' -H 'Accept: application/json' -H 'Content-Type: application/json' --data '{"password":"ag4x1gfzag","username":"una.kreiger"}'
******************************************************************
Response Status line: 
HTTP/1.1 200 OK
Response Body: 
{
    "code": 200,
    "type": "unknown",
    "message": "logged in user session:1733461959799"
}
Response Headers: 
Date=Fri, 06 Dec 2024 05:12:39 GMT
Content-Type=application/json
Transfer-Encoding=chunked
Connection=close
Access-Control-Allow-Origin=*
Access-Control-Allow-Methods=GET, POST, DELETE, PUT
Access-Control-Allow-Headers=Content-Type, api_key, Authorization
X-Expires-After=Fri Dec 06 06:12:39 UTC 2024
X-Rate-Limit=5000
Server=Jetty(9.2.9.v20150224)
======================================================================================
======================================================================================
]]></system-out>
  </testcase>
  <testcase name="logoutUser_shouldReturn200StatusCode" classname="api.test.UserTest" time="1.396">
    <system-out><![CDATA[loginUser_shouldReturn200StatusCode got successfully executed.
RequestResponseFilter instantiated...
************************************
************************************


logoutUser_shouldReturn200StatusCode started executing.
======================================================================================
======================================================================================
cURL Command: 
curl -X GET 'https://petstore.swagger.io/v2/user/logout' -H 'Accept: application/json' -H 'Content-Type: application/json'
******************************************************************
Response Status line: 
HTTP/1.1 200 OK
Response Body: 
{
    "code": 200,
    "type": "unknown",
    "message": "ok"
}
Response Headers: 
Date=Fri, 06 Dec 2024 05:12:41 GMT
Content-Type=application/json
Transfer-Encoding=chunked
Connection=keep-alive
Access-Control-Allow-Origin=*
Access-Control-Allow-Methods=GET, POST, DELETE, PUT
Access-Control-Allow-Headers=Content-Type, api_key, Authorization
Server=Jetty(9.2.9.v20150224)
======================================================================================
======================================================================================
]]></system-out>
  </testcase>
  <testcase name="deleteUser_shouldReturn200StatusCode" classname="api.test.UserTest" time="1.284">
    <system-out><![CDATA[logoutUser_shouldReturn200StatusCode got successfully executed.
RequestResponseFilter instantiated...
************************************
************************************


deleteUser_shouldReturn200StatusCode started executing.
======================================================================================
======================================================================================
cURL Command: 
curl -X DELETE 'https://petstore.swagger.io/v2/user/una.kreiger' -H 'Accept: application/json' -H 'Content-Type: application/json'
******************************************************************
Response Status line: 
HTTP/1.1 200 OK
Response Body: 
{
    "code": 200,
    "type": "unknown",
    "message": "una.kreiger"
}
Response Headers: 
Date=Fri, 06 Dec 2024 05:12:42 GMT
Content-Type=application/json
Transfer-Encoding=chunked
Connection=keep-alive
Access-Control-Allow-Origin=*
Access-Control-Allow-Methods=GET, POST, DELETE, PUT
Access-Control-Allow-Headers=Content-Type, api_key, Authorization
Server=Jetty(9.2.9.v20150224)
======================================================================================
======================================================================================
]]></system-out>
  </testcase>
  <testcase name="deletedUser_shouldNotBeFetched_shouldReturn404Error" classname="api.test.UserTest" time="1.315">
    <system-out><![CDATA[deleteUser_shouldReturn200StatusCode got successfully executed.
RequestResponseFilter instantiated...
************************************
************************************


deletedUser_shouldNotBeFetched_shouldReturn404Error started executing.
======================================================================================
======================================================================================
cURL Command: 
curl -X GET 'https://petstore.swagger.io/v2/user/una.kreiger' -H 'Accept: application/json' -H 'Content-Type: application/json'
******************************************************************
Response Status line: 
HTTP/1.1 404 Not Found
Response Body: 
{
    "code": 1,
    "type": "error",
    "message": "User not found"
}
Response Headers: 
Date=Fri, 06 Dec 2024 05:12:43 GMT
Content-Type=application/json
Transfer-Encoding=chunked
Connection=keep-alive
Access-Control-Allow-Origin=*
Access-Control-Allow-Methods=GET, POST, DELETE, PUT
Access-Control-Allow-Headers=Content-Type, api_key, Authorization
Server=Jetty(9.2.9.v20150224)
======================================================================================
======================================================================================
HTTP/1.1 404 Not Found
Date: Fri, 06 Dec 2024 05:12:43 GMT
Content-Type: application/json
Transfer-Encoding: chunked
Connection: keep-alive
Access-Control-Allow-Origin: *
Access-Control-Allow-Methods: GET, POST, DELETE, PUT
Access-Control-Allow-Headers: Content-Type, api_key, Authorization
Server: Jetty(9.2.9.v20150224)

{
    "code": 1,
    "type": "error",
    "message": "User not found"
}
]]></system-out>
  </testcase>
  <testcase name="createUsersInBulk_shouldReturn200StatusCode" classname="api.test.UserTest" time="1.369">
    <system-out><![CDATA[deletedUser_shouldNotBeFetched_shouldReturn404Error got successfully executed.
RequestResponseFilter instantiated...
************************************
************************************


createUsersInBulk_shouldReturn200StatusCode started executing.
======================================================================================
======================================================================================
cURL Command: 
curl -X POST 'https://petstore.swagger.io/v2/user/createWithArray' -H 'Accept: application/json' -H 'Content-Type: application/json' --data '[{"firstName":"sunt culpa tempor","lastName":"incididunt commodo","password":"in","userStatus":-2141155,"phone":"cillum","id":44560255,"email":"ut Lorem incididunt ullamco","username":"do aute"},{"firstName":"nostrud reprehenderit","lastName":"ut adipisicing","password":"reprehenderit deserunt anim","userStatus":25233742,"phone":"eu","id":97451113,"email":"id","username":"laboris labore officia nulla non"}]'
******************************************************************
Response Status line: 
HTTP/1.1 200 OK
Response Body: 
{
    "code": 200,
    "type": "unknown",
    "message": "ok"
}
Response Headers: 
Date=Fri, 06 Dec 2024 05:12:45 GMT
Content-Type=application/json
Transfer-Encoding=chunked
Connection=keep-alive
Access-Control-Allow-Origin=*
Access-Control-Allow-Methods=GET, POST, DELETE, PUT
Access-Control-Allow-Headers=Content-Type, api_key, Authorization
Server=Jetty(9.2.9.v20150224)
======================================================================================
======================================================================================
]]></system-out>
  </testcase>
</testsuite>