<?xml version="1.0" encoding="UTF-8"?>
<testng-results ignored="0" total="1" passed="1" failed="0" skipped="0">
  <reporter-output>
  </reporter-output>
  <suite started-at="2024-12-04T22:59:16 IST" name="Default suite" finished-at="2024-12-04T22:59:25 IST" duration-ms="8926">
    <groups>
    </groups>
    <test started-at="2024-12-04T22:59:16 IST" name="Default test" finished-at="2024-12-04T22:59:25 IST" duration-ms="8926">
      <class name="api.test.PetTest">
        <test-method is-config="true" signature="setUp()[pri:0, instance:api.test.PetTest@40005471]" started-at="2024-12-04T22:59:17 IST" name="setUp" finished-at="2024-12-04T22:59:17 IST" duration-ms="738" status="PASS">
          <reporter-output>
          </reporter-output>
        </test-method> <!-- setUp -->
        <test-method is-config="true" signature="globalSetUP()[pri:0, instance:api.test.PetTest@40005471]" started-at="2024-12-04T22:59:18 IST" name="globalSetUP" finished-at="2024-12-04T22:59:18 IST" duration-ms="717" status="PASS">
          <reporter-output>
          </reporter-output>
        </test-method> <!-- globalSetUP -->
        <test-method signature="testUpdatePetPuTResponse()[pri:6, instance:api.test.PetTest@40005471]" started-at="2024-12-04T22:59:18 IST" name="testUpdatePetPuTResponse" description="This test verifies the POST response for updating an existing pet." finished-at="2024-12-04T22:59:25 IST" duration-ms="6925" status="PASS">
          <reporter-output>
          </reporter-output>
        </test-method> <!-- testUpdatePetPuTResponse -->
        <test-method is-config="true" signature="tearDown()[pri:0, instance:api.test.PetTest@40005471]" started-at="2024-12-04T22:59:25 IST" name="tearDown" finished-at="2024-12-04T22:59:25 IST" duration-ms="1" status="PASS">
          <reporter-output>
          </reporter-output>
        </test-method> <!-- tearDown -->
      </class> <!-- api.test.PetTest -->
    </test> <!-- Default test -->
  </suite> <!-- Default suite -->
</testng-results>
